<?xml version="1.0" encoding="UTF-8" standalone="no"?>
<fileLog>
<createdFiles>
<entry name="resources\database\upgrade\7\openfire_sqlserver.sql" shared="false" uninstallMode="0"/>
<entry name="jre\lib\zi\Pacific\Chuuk" shared="false" uninstallMode="3"/>
<entry name="jre\lib\zi\America\Campo_Grande" shared="false" uninstallMode="3"/>
<entry name="jre\bin\klist.exe" shared="false" uninstallMode="3"/>
<entry name="plugins\admin\webapp\images\arrow_right_blue.gif" shared="false" uninstallMode="0"/>
<entry name="jre\lib\ext\localedata.jar" shared="false" uninstallMode="3"/>
<entry name="plugins\admin\webapp\images\setup-header.png" shared="false" uninstallMode="0"/>
<entry name="jre\lib\zi\Pacific\Guam" shared="false" uninstallMode="3"/>
<entry name="resources\database\upgrade\15\openfire_mysql.sql" shared="false" uninstallMode="0"/>
<entry name=".install4j\MessagesDefault" shared="false" uninstallMode="2"/>
<entry name="plugins\admin\webapp\images\redlight-24x24.gif" shared="false" uninstallMode="0"/>
<entry name="resources\database\upgrade\19\openfire_hsqldb.sql" shared="false" uninstallMode="0"/>
<entry name="resources\database\upgrade\1\openfire_oracle.sql" shared="false" uninstallMode="0"/>
<entry name="jre\lib\zi\America\Metlakatla" shared="false" uninstallMode="3"/>
<entry name="lib\servlet.jar.pack" shared="false" uninstallMode="0"/>
<entry name="jre\bin\java-rmi.exe" shared="false" uninstallMode="3"/>
<entry name="plugins\admin\webapp\images\jive-nav-div.gif" shared="false" uninstallMode="0"/>
<entry name="jre\bin\rmiregistry.exe" shared="false" uninstallMode="3"/>
<entry name="jre\lib\deploy\messages_de.properties" shared="false" uninstallMode="3"/>
<entry name="jre\lib\zi\Europe\Kiev" shared="false" uninstallMode="3"/>
<entry name="jre\lib\zi\America\Santo_Domingo" shared="false" uninstallMode="3"/>
<entry name="jre\lib\zi\America\Detroit" shared="false" uninstallMode="3"/>
<entry name="jre\bin\ssvagent.exe" shared="false" uninstallMode="3"/>
<entry name="plugins\admin\webapp\images\bullet-green-14x14.gif" shared="false" uninstallMode="0"/>
<entry name="jre\bin\jp2native.dll" shared="false" uninstallMode="3"/>
<entry name="jre\lib\zi\America\Nome" shared="false" uninstallMode="3"/>
<entry name="resources\database\upgrade\4\openfire_sqlserver.sql" shared="false" uninstallMode="0"/>
<entry name="plugins\admin\webapp\js\setup.js" shared="false" uninstallMode="0"/>
<entry name="jre\lib\images\cursors\win32_MoveNoDrop32x32.gif" shared="false" uninstallMode="3"/>
<entry name="lib\log4j.xml" shared="false" uninstallMode="0"/>
<entry name="plugins\admin\webapp\images\connection-manager_16x16.gif" shared="false" uninstallMode="0"/>
<entry name="resources\i18n\openfire_i18n_cs_CZ.properties" shared="false" uninstallMode="0"/>
<entry name=".install4j\user.jar" shared="false" uninstallMode="2"/>
<entry name="jre\bin\j2pcsc.dll" shared="false" uninstallMode="3"/>
<entry name="jre\bin\javacpl.exe" shared="false" uninstallMode="3"/>
<entry name="resources\database\upgrade\19\openfire_oracle.sql" shared="false" uninstallMode="0"/>
<entry name="jre\bin\jfxwebkit.dll" shared="false" uninstallMode="3"/>
<entry name="jre\lib\zi\America\Panama" shared="false" uninstallMode="3"/>
<entry name="resources\database\upgrade\1\openfire_hsqldb.sql" shared="false" uninstallMode="0"/>
<entry name="resources\database\upgrade\4\openfire_db2.sql" shared="false" uninstallMode="0"/>
<entry name="jre\lib\zi\Europe\Tirane" shared="false" uninstallMode="3"/>
<entry name="plugins\admin\webapp\WEB-INF\lib\commons-fileupload.jar.pack" shared="false" uninstallMode="0"/>
<entry name="jre\lib\zi\CST6CDT" shared="false" uninstallMode="3"/>
<entry name="jre\lib\zi\America\Los_Angeles" shared="false" uninstallMode="3"/>
<entry name="conf\openfire.xml" shared="false" uninstallMode="1"/>
<entry name="resources\database\upgrade\6\openfire_sqlserver.sql" shared="false" uninstallMode="0"/>
<entry name="jre\lib\zi\Africa\Maseru" shared="false" uninstallMode="3"/>
<entry name="jre\lib\zi\Asia\Aden" shared="false" uninstallMode="3"/>
<entry name="jre\lib\zi\Australia\Melbourne" shared="false" uninstallMode="3"/>
<entry name="plugins\admin\webapp\WEB-INF\web.xml" shared="false" uninstallMode="0"/>
<entry name="jre\lib\zi\Africa\Windhoek" shared="false" uninstallMode="3"/>
<entry name="jre\lib\deploy\messages_ja.properties" shared="false" uninstallMode="3"/>
<entry name="resources\nativeAuth\osx-ppc\libshaj.jnilib" shared="false" uninstallMode="0"/>
<entry name="jre\lib\zi\Africa\Freetown" shared="false" uninstallMode="3"/>
<entry name="jre\bin\ssv.dll" shared="false" uninstallMode="3"/>
<entry name="jre\lib\zi\Africa\Dar_es_Salaam" shared="false" uninstallMode="3"/>
<entry name="resources\database\upgrade\11\openfire_sybase.sql" shared="false" uninstallMode="0"/>
<entry name="jre\lib\zi\Asia\Tbilisi" shared="false" uninstallMode="3"/>
<entry name="jre\lib\zi\GMT" shared="false" uninstallMode="3"/>
<entry name="plugins\admin\webapp\images\icon_warning-small.gif" shared="false" uninstallMode="0"/>
<entry name="jre\lib\zi\Africa\Kampala" shared="false" uninstallMode="3"/>
<entry name="jre\lib\zi\Atlantic\Azores" shared="false" uninstallMode="3"/>
<entry name="jre\lib\zi\America\Edmonton" shared="false" uninstallMode="3"/>
<entry name="jre\bin\javafx-font.dll" shared="false" uninstallMode="3"/>
<entry name="jre\lib\zi\Africa\Lagos" shared="false" uninstallMode="3"/>
<entry name="documentation\images\setup_ldap.png" shared="false" uninstallMode="0"/>
<entry name="plugins\admin\webapp\images\jive-login-form-bg-gray.gif" shared="false" uninstallMode="0"/>
<entry name="jre\lib\images\cursors\win32_CopyDrop32x32.gif" shared="false" uninstallMode="3"/>
<entry name="documentation\images\sitemesh.png" shared="false" uninstallMode="0"/>
<entry name="C:\ProgramData\Microsoft\Windows\Start Menu\Programs\Openfire\Openfire Server.lnk" shared="false" uninstallMode="2"/>
<entry name="jre\lib\zi\Europe\Lisbon" shared="false" uninstallMode="3"/>
<entry name="jre\lib\zi\America\Yellowknife" shared="false" uninstallMode="3"/>
<entry name="jre\lib\zi\Europe\Monaco" shared="false" uninstallMode="3"/>
<entry name="jre\lib\zi\Etc\GMT+10" shared="false" uninstallMode="3"/>
<entry name="resources\database\upgrade\2\openfire_sqlserver.sql" shared="false" uninstallMode="0"/>
<entry name="jre\lib\zi\Etc\GMT+11" shared="false" uninstallMode="3"/>
<entry name="jre\lib\zi\Etc\GMT+12" shared="false" uninstallMode="3"/>
<entry name="jre\lib\zi\EET" shared="false" uninstallMode="3"/>
<entry name="jre\lib\zi\Asia\Pontianak" shared="false" uninstallMode="3"/>
<entry name="jre\lib\zi\Indian\Reunion" shared="false" uninstallMode="3"/>
<entry name="plugins\admin\webapp\images\twisty_closed_9x9.gif" shared="false" uninstallMode="0"/>
<entry name="plugins\admin\webapp\images\page-background_new.gif" shared="false" uninstallMode="0"/>
<entry name="jre\lib\zi\Atlantic\Bermuda" shared="false" uninstallMode="3"/>
<entry name="plugins\admin\webapp\js\pngfix.js" shared="false" uninstallMode="0"/>
<entry name="plugins\admin\webapp\images\setup_btn_closetestx.gif" shared="false" uninstallMode="0"/>
<entry name="jre\lib\zi\America\Argentina\Salta" shared="false" uninstallMode="3"/>
<entry name="jre\lib\zi\Antarctica\Rothera" shared="false" uninstallMode="3"/>
<entry name="jre\lib\zi\America\Bahia_Banderas" shared="false" uninstallMode="3"/>
<entry name="plugins\admin\webapp\images\setup_sidebar_progress4.gif" shared="false" uninstallMode="0"/>
<entry name="jre\lib\zi\America\Denver" shared="false" uninstallMode="3"/>
<entry name="jre\lib\zi\CET" shared="false" uninstallMode="3"/>
<entry name="jre\bin\tnameserv.exe" shared="false" uninstallMode="3"/>
<entry name="jre\lib\zi\Europe\Dublin" shared="false" uninstallMode="3"/>
<entry name="jre\bin\pack200.exe" shared="false" uninstallMode="3"/>
<entry name=".install4j\autoUninstall.0" shared="false" uninstallMode="0"/>
<entry name="jre\lib\zi\America\Ojinaga" shared="false" uninstallMode="3"/>
<entry name="jre\lib\ext\meta-index" shared="false" uninstallMode="3"/>
<entry name="plugins\admin\webapp\images\greenlight-24x24.gif" shared="false" uninstallMode="0"/>
<entry name="jre\bin\WindowsAccessBridge-32.dll" shared="false" uninstallMode="3"/>
<entry name="jre\lib\zi\America\Mazatlan" shared="false" uninstallMode="3"/>
<entry name="jre\lib\security\java.policy" shared="false" uninstallMode="3"/>
<entry name="jre\lib\zi\WET" shared="false" uninstallMode="3"/>
<entry name="plugins\admin\webapp\images\im_unavailable.gif" shared="false" uninstallMode="0"/>
<entry name="jre\lib\zi\Asia\Kathmandu" shared="false" uninstallMode="3"/>
<entry name="resources\database\upgrade\15\openfire_hsqldb.sql" shared="false" uninstallMode="0"/>
<entry name="jre\lib\zi\Pacific\Wallis" shared="false" uninstallMode="3"/>
<entry name="plugins\admin\webapp\js\tooltips\domTT_drag.js" shared="false" uninstallMode="0"/>
<entry name="jre\lib\zi\Asia\Kuala_Lumpur" shared="false" uninstallMode="3"/>
<entry name="jre\bin\sunmscapi.dll" shared="false" uninstallMode="3"/>
<entry name="plugins\admin\webapp\images\setup_contentbox_bg.gif" shared="false" uninstallMode="0"/>
<entry name="resources\database\upgrade\18\openfire_db2.sql" shared="false" uninstallMode="0"/>
<entry name="jre\lib\zi\Australia\Perth" shared="false" uninstallMode="3"/>
<entry name="resources\database\upgrade\15\openfire_oracle.sql" shared="false" uninstallMode="0"/>
<entry name="jre\lib\deploy\messages_zh_TW.properties" shared="false" uninstallMode="3"/>
<entry name="jre\lib\sparc\client\classes.jsa" shared="false" uninstallMode="0"/>
<entry name="jre\lib\zi\America\Curacao" shared="false" uninstallMode="3"/>
<entry name="jre\lib\zi\Europe\Riga" shared="false" uninstallMode="3"/>
<entry name="resources\database\upgrade\21\openfire_mysql.sql" shared="false" uninstallMode="0"/>
<entry name="plugins\admin\webapp\setup\setup-style.css" shared="false" uninstallMode="0"/>
<entry name="resources\database\openfire_sybase.sql" shared="false" uninstallMode="0"/>
<entry name="resources\database\upgrade\19\openfire_mysql.sql" shared="false" uninstallMode="0"/>
<entry name="plugins\admin\webapp\js\behaviour.js" shared="false" uninstallMode="0"/>
<entry name="jre\bin\dtplugin\npdeployJava1.dll" shared="false" uninstallMode="3"/>
<entry name="lib\bcprov-jdk15on.jar" shared="false" uninstallMode="0"/>
<entry name="jre\lib\zi\SystemV\HST10" shared="false" uninstallMode="3"/>
<entry name="jre\lib\zi\Indian\Mayotte" shared="false" uninstallMode="3"/>
<entry name="jre\bin\net.dll" shared="false" uninstallMode="3"/>
<entry name="jre\lib\zi\Asia\Damascus" shared="false" uninstallMode="3"/>
<entry name="jre\lib\zi\America\Blanc-Sablon" shared="false" uninstallMode="3"/>
<entry name="resources\database\upgrade\11\openfire_hsqldb.sql" shared="false" uninstallMode="0"/>
<entry name="jre\bin\jsound.dll" shared="false" uninstallMode="3"/>
<entry name="jre\lib\zi\SystemV\EST5" shared="false" uninstallMode="3"/>
<entry name="plugins\admin\webapp\images\jive-nav-bg-on.gif" shared="false" uninstallMode="0"/>
<entry name="resources\database\upgrade\14\openfire_sybase.sql" shared="false" uninstallMode="0"/>
<entry name="jre\lib\zi\America\Glace_Bay" shared="false" uninstallMode="3"/>
<entry name="jre\lib\cmm\GRAY.pf" shared="false" uninstallMode="3"/>
<entry name="resources\i18n\openfire_i18n_es.properties" shared="false" uninstallMode="0"/>
<entry name="jre\bin\glib-lite.dll" shared="false" uninstallMode="3"/>
<entry name="resources\nativeAuth\win32-x86\shaj.dll" shared="false" uninstallMode="0"/>
<entry name="jre\lib\ext\access-bridge-32.jar" shared="false" uninstallMode="3"/>
<entry name="jre\lib\zi\America\Fortaleza" shared="false" uninstallMode="3"/>
<entry name="documentation\licenses\LICENSE-jaxen.txt" shared="false" uninstallMode="0"/>
<entry name="resources\i18n\openfire_i18n_pl_PL.properties" shared="false" uninstallMode="0"/>
<entry name="jre\lib\zi\Asia\Rangoon" shared="false" uninstallMode="3"/>
<entry name="jre\lib\plugin.jar" shared="false" uninstallMode="3"/>
<entry name="plugins\admin\webapp\images\setup_sidebar_progress1.gif" shared="false" uninstallMode="0"/>
<entry name="plugins\admin\webapp\images\setup_sidebar_bg-top.gif" shared="false" uninstallMode="0"/>
<entry name="jre\lib\zi\Europe\Tallinn" shared="false" uninstallMode="3"/>
<entry name="jre\lib\zi\America\Argentina\La_Rioja" shared="false" uninstallMode="3"/>
<entry name="plugins\admin\webapp\images\icq-gray.gif" shared="false" uninstallMode="0"/>
<entry name="plugins\admin\webapp\images\jive-nav-bg-right.gif" shared="false" uninstallMode="0"/>
<entry name="documentation\wildfire-openfire-upgrade.html" shared="false" uninstallMode="0"/>
<entry name="jre\lib\zi\Etc\GMT" shared="false" uninstallMode="3"/>
<entry name=".install4j\i4j_extf_8_19dpaqb.utf8" shared="false" uninstallMode="2"/>
<entry name="plugins\admin\webapp\images\setup_btn_bg-bigblue.gif" shared="false" uninstallMode="0"/>
<entry name="jre\lib\zi\America\Belem" shared="false" uninstallMode="3"/>
<entry name="jre\lib\zi\Africa\Blantyre" shared="false" uninstallMode="3"/>
<entry name="jre\bin\libxml2.dll" shared="false" uninstallMode="3"/>
<entry name="resources\database\openfire_mysql.sql" shared="false" uninstallMode="0"/>
<entry name="plugins\admin\webapp\images\forbidden-16x16.gif" shared="false" uninstallMode="0"/>
<entry name="plugins\admin\webapp\images\language_zh_CN.gif" shared="false" uninstallMode="0"/>
<entry name="jre\lib\zi\Asia\Shanghai" shared="false" uninstallMode="3"/>
<entry name="jre\lib\zi\America\Argentina\Jujuy" shared="false" uninstallMode="3"/>
<entry name="jre\bin\fontmanager.dll" shared="false" uninstallMode="3"/>
<entry name="jre\lib\zi\America\Cuiaba" shared="false" uninstallMode="3"/>
<entry name="resources\database\upgrade\11\openfire_mysql.sql" shared="false" uninstallMode="0"/>
<entry name="jre\lib\zi\America\Grand_Turk" shared="false" uninstallMode="3"/>
<entry name="plugins\admin\webapp\js\tooltips\domTT.js" shared="false" uninstallMode="0"/>
<entry name="jre\lib\fonts\LucidaBrightItalic.ttf" shared="false" uninstallMode="3"/>
<entry name="jre\lib\fonts\LucidaSansDemiBold.ttf" shared="false" uninstallMode="3"/>
<entry name="plugins\admin\webapp\js\lightbox.js" shared="false" uninstallMode="0"/>
<entry name="jre\lib\zi\Europe\Vienna" shared="false" uninstallMode="3"/>
<entry name="plugins\admin\webapp\images\setup_btn_gearplay.gif" shared="false" uninstallMode="0"/>
<entry name="jre\lib\management\snmp.acl.template" shared="false" uninstallMode="3"/>
<entry name="jre\lib\zi\Pacific\Tarawa" shared="false" uninstallMode="3"/>
<entry name="bin\extra\redhat\openfire-sysconfig" shared="false" uninstallMode="0"/>
<entry name="jre\lib\zi\Pacific\Easter" shared="false" uninstallMode="3"/>
<entry name="plugins\admin\webapp\images\user.gif" shared="false" uninstallMode="0"/>
<entry name="resources\database\upgrade\17\openfire_db2.sql" shared="false" uninstallMode="0"/>
<entry name="plugins\admin\webapp\images\jive-tertnav-arrow.gif" shared="false" uninstallMode="0"/>
<entry name="jre\lib\jfr.jar" shared="false" uninstallMode="3"/>
<entry name="jre\lib\security\local_policy.jar" shared="false" uninstallMode="3"/>
<entry name="resources\database\upgrade\13\openfire_hsqldb.sql" shared="false" uninstallMode="0"/>
<entry name="jre\lib\zi\Africa\Nairobi" shared="false" uninstallMode="3"/>
<entry name="jre\lib\zi\America\Indiana\Vincennes" shared="false" uninstallMode="3"/>
<entry name="jre\lib\zi\Atlantic\South_Georgia" shared="false" uninstallMode="3"/>
<entry name="jre\lib\zi\Africa\Sao_Tome" shared="false" uninstallMode="3"/>
<entry name="jre\lib\management\jmxremote.access" shared="false" uninstallMode="3"/>
<entry name="jre\lib\zi\Africa\Tunis" shared="false" uninstallMode="3"/>
<entry name="resources\security\keystore" shared="false" uninstallMode="1"/>
<entry name="plugins\admin\webapp\js\jscalendar\calendar-win2k-1.css" shared="false" uninstallMode="0"/>
<entry name="jre\bin\wsdetect.dll" shared="false" uninstallMode="3"/>
<entry name="resources\database\upgrade\18\openfire_hsqldb.sql" shared="false" uninstallMode="0"/>
<entry name="jre\lib\zi\Indian\Mauritius" shared="false" uninstallMode="3"/>
<entry name="resources\database\upgrade\4\openfire_postgresql.sql" shared="false" uninstallMode="0"/>
<entry name="resources\database\upgrade\17\openfire_oracle.sql" shared="false" uninstallMode="0"/>
<entry name="jre\lib\zi\Pacific\Rarotonga" shared="false" uninstallMode="3"/>
<entry name="plugins\admin\webapp\images\incoming_32x16.gif" shared="false" uninstallMode="0"/>
<entry name="jre\lib\zi\Etc\GMT+1" shared="false" uninstallMode="3"/>
<entry name="plugins\admin\webapp\js\unittest.js" shared="false" uninstallMode="0"/>
<entry name="jre\lib\zi\Etc\GMT+3" shared="false" uninstallMode="3"/>
<entry name="jre\lib\zi\Indian\Comoro" shared="false" uninstallMode="3"/>
<entry name="jre\bin\nio.dll" shared="false" uninstallMode="3"/>
<entry name="jre\lib\zi\Etc\GMT+2" shared="false" uninstallMode="3"/>
<entry name=".install4j\i4j_extf_3_19dpaqb.utf8" shared="false" uninstallMode="2"/>
<entry name="jre\lib\flavormap.properties" shared="false" uninstallMode="3"/>
<entry name="jre\lib\zi\Europe\Samara" shared="false" uninstallMode="3"/>
<entry name="resources\database\upgrade\21\openfire_oracle.sql" shared="false" uninstallMode="0"/>
<entry name="jre\lib\zi\Asia\Krasnoyarsk" shared="false" uninstallMode="3"/>
<entry name="jre\lib\zi\Europe\Athens" shared="false" uninstallMode="3"/>
<entry name=".install4j\installation.log" shared="false" uninstallMode="0"/>
<entry name="jre\lib\zi\Asia\Sakhalin" shared="false" uninstallMode="3"/>
<entry name="plugins\admin\webapp\images\success-16x16.gif" shared="false" uninstallMode="0"/>
<entry name="jre\lib\zi\Asia\Pyongyang" shared="false" uninstallMode="3"/>
<entry name="jre\lib\zi\America\Antigua" shared="false" uninstallMode="3"/>
<entry name="jre\lib\zi\America\Costa_Rica" shared="false" uninstallMode="3"/>
<entry name="jre\lib\zi\Asia\Aqtau" shared="false" uninstallMode="3"/>
<entry name="resources\database\upgrade\1\openfire_mysql.sql" shared="false" uninstallMode="0"/>
<entry name="jre\LICENSE" shared="false" uninstallMode="3"/>
<entry name="resources\database\upgrade\8\openfire_oracle.sql" shared="false" uninstallMode="0"/>
<entry name="resources\database\upgrade\10\openfire_sqlserver.sql" shared="false" uninstallMode="0"/>
<entry name="plugins\admin\plugin.xml" shared="false" uninstallMode="0"/>
<entry name=".install4j\i4j_extf_5_19dpaqb.utf8" shared="false" uninstallMode="2"/>
<entry name="bin\extra\embedded-db-viewer.sh" shared="false" uninstallMode="0"/>
<entry name="plugins\admin\webapp\images\setup_nextprofile.gif" shared="false" uninstallMode="0"/>
<entry name="jre\lib\zi\America\Pangnirtung" shared="false" uninstallMode="3"/>
<entry name="jre\lib\zi\America\North_Dakota\New_Salem" shared="false" uninstallMode="3"/>
<entry name="resources\database\upgrade\10\openfire_oracle.sql" shared="false" uninstallMode="0"/>
<entry name="plugins\admin\webapp\images\enterprise-info-btn.gif" shared="false" uninstallMode="0"/>
<entry name=".install4j\i4jinst.dll" shared="false" uninstallMode="2"/>
<entry name="jre\lib\zi\Etc\GMT+8" shared="false" uninstallMode="3"/>
<entry name="jre\lib\zi\Etc\GMT+9" shared="false" uninstallMode="3"/>
<entry name="jre\lib\zi\Etc\GMT+6" shared="false" uninstallMode="3"/>
<entry name="jre\lib\zi\Etc\GMT+7" shared="false" uninstallMode="3"/>
<entry name="jre\lib\zi\Etc\GMT+4" shared="false" uninstallMode="3"/>
<entry name="jre\lib\zi\Etc\GMT+5" shared="false" uninstallMode="3"/>
<entry name="plugins\admin\webapp\images\header-title_new.gif" shared="false" uninstallMode="0"/>
<entry name="jre\lib\zi\America\Montreal" shared="false" uninstallMode="3"/>
<entry name="jre\lib\zi\Europe\Zurich" shared="false" uninstallMode="3"/>
<entry name="jre\lib\zi\Asia\Hong_Kong" shared="false" uninstallMode="3"/>
<entry name="resources\database\upgrade\21\openfire_db2.sql" shared="false" uninstallMode="0"/>
<entry name="jre\lib\zi\America\Eirunepe" shared="false" uninstallMode="3"/>
<entry name="jre\lib\zi\Africa\Conakry" shared="false" uninstallMode="3"/>
<entry name="jre\lib\zi\Europe\Stockholm" shared="false" uninstallMode="3"/>
<entry name="resources\database\upgrade\18\openfire_sybase.sql" shared="false" uninstallMode="0"/>
<entry name="plugins\admin\webapp\favicon.ico" shared="false" uninstallMode="0"/>
<entry name="jre\lib\zi\America\Monterrey" shared="false" uninstallMode="3"/>
<entry name=".install4j\i4jruntime.jar" shared="false" uninstallMode="2"/>
<entry name="bin\openfirectl" shared="false" uninstallMode="0"/>
<entry name="plugins\admin\webapp\js\builder.js" shared="false" uninstallMode="0"/>
<entry name="jre\bin\installer.dll" shared="false" uninstallMode="3"/>
<entry name="jre\lib\zi\America\Puerto_Rico" shared="false" uninstallMode="3"/>
<entry name="jre\bin\jfr.dll" shared="false" uninstallMode="3"/>
<entry name="jre\lib\zi\Europe\Belgrade" shared="false" uninstallMode="3"/>
<entry name="resources\database\upgrade\7\openfire_mysql.sql" shared="false" uninstallMode="0"/>
<entry name="plugins\admin\webapp\images\setup-sidebar-top.gif" shared="false" uninstallMode="0"/>
<entry name="plugins\admin\webapp\images\lock.gif" shared="false" uninstallMode="0"/>
<entry name="resources\security\client.truststore" shared="false" uninstallMode="0"/>
<entry name="lib\startup.jar" shared="false" uninstallMode="0"/>
<entry name="jre\lib\zi\PST8PDT" shared="false" uninstallMode="3"/>
<entry name="jre\bin\jfxmedia.dll" shared="false" uninstallMode="3"/>
<entry name="jre\lib\zi\Europe\Rome" shared="false" uninstallMode="3"/>
<entry name="plugins\admin\webapp\images\irc.gif" shared="false" uninstallMode="0"/>
<entry name="jre\bin\jp2ssv.dll" shared="false" uninstallMode="3"/>
<entry name="plugins\admin\webapp\js\prototype.js" shared="false" uninstallMode="0"/>
<entry name="resources\database\upgrade\11\openfire_oracle.sql" shared="false" uninstallMode="0"/>
<entry name="jre\lib\fonts\LucidaBrightDemiItalic.ttf" shared="false" uninstallMode="3"/>
<entry name="jre\lib\zi\Asia\Qyzylorda" shared="false" uninstallMode="3"/>
<entry name="jre\lib\zi\EST" shared="false" uninstallMode="3"/>
<entry name="jre\lib\zi\Pacific\Marquesas" shared="false" uninstallMode="3"/>
<entry name="jre\bin\verify.dll" shared="false" uninstallMode="3"/>
<entry name="jre\lib\zi\Australia\Lord_Howe" shared="false" uninstallMode="3"/>
<entry name="resources\database\upgrade\9\openfire_mysql.sql" shared="false" uninstallMode="0"/>
<entry name=".install4j\inst_jre.cfg" shared="false" uninstallMode="0"/>
<entry name="resources\database\openfire_sqlserver.sql" shared="false" uninstallMode="0"/>
<entry name="jre\lib\zi\Asia\Khandyga" shared="false" uninstallMode="3"/>
<entry name="plugins\admin\webapp\images\im_away.gif" shared="false" uninstallMode="0"/>
<entry name="resources\database\upgrade\14\openfire_mysql.sql" shared="false" uninstallMode="0"/>
<entry name="jre\lib\zi\SystemV\YST9" shared="false" uninstallMode="3"/>
<entry name="jre\bin\ktab.exe" shared="false" uninstallMode="3"/>
<entry name="documentation\source-build.html" shared="false" uninstallMode="0"/>
<entry name="jre\lib\zi\Europe\Copenhagen" shared="false" uninstallMode="3"/>
<entry name="jre\bin\zip.dll" shared="false" uninstallMode="3"/>
<entry name="resources\database\upgrade\4\openfire_hsqldb.sql" shared="false" uninstallMode="0"/>
<entry name="resources\database\upgrade\13\openfire_oracle.sql" shared="false" uninstallMode="0"/>
<entry name="plugins\admin\webapp\images\feed-icon-16x16.gif" shared="false" uninstallMode="0"/>
<entry name="conf\crowd.properties" shared="false" uninstallMode="0"/>
<entry name="resources\database\upgrade\20\openfire_mysql.sql" shared="false" uninstallMode="0"/>
<entry name="plugins\admin\webapp\images\irc-gray.gif" shared="false" uninstallMode="0"/>
<entry name="resources\i18n\openfire_i18n_nl.properties" shared="false" uninstallMode="0"/>
<entry name="jre\lib\zi\America\Mexico_City" shared="false" uninstallMode="3"/>
<entry name="plugins\admin\webapp\images\enterprise.png" shared="false" uninstallMode="0"/>
<entry name="jre\lib\zi\Antarctica\Syowa" shared="false" uninstallMode="3"/>
<entry name="jre\lib\zi\Asia\Oral" shared="false" uninstallMode="3"/>
<entry name="jre\lib\zi\Europe\Helsinki" shared="false" uninstallMode="3"/>
<entry name="jre\lib\zi\Africa\Dakar" shared="false" uninstallMode="3"/>
<entry name="documentation\plugin-dev-guide.html" shared="false" uninstallMode="0"/>
<entry name="plugins\admin\webapp\js\dragdrop.js" shared="false" uninstallMode="0"/>
<entry name="jre\bin\splashscreen.dll" shared="false" uninstallMode="3"/>
<entry name="documentation\index.html" shared="false" uninstallMode="0"/>
<entry name="jre\lib\images\cursors\cursors.properties" shared="false" uninstallMode="3"/>
<entry name="jre\lib\zi\Etc\GMT-7" shared="false" uninstallMode="3"/>
<entry name="jre\lib\zi\Etc\GMT-6" shared="false" uninstallMode="3"/>
<entry name="jre\lib\zi\Asia\Ulaanbaatar" shared="false" uninstallMode="3"/>
<entry name="jre\lib\zi\Etc\GMT-9" shared="false" uninstallMode="3"/>
<entry name="jre\lib\zi\Etc\GMT-8" shared="false" uninstallMode="3"/>
<entry name="resources\database\upgrade\6\openfire_sybase.sql" shared="false" uninstallMode="0"/>
<entry name="jre\lib\zi\America\Noronha" shared="false" uninstallMode="3"/>
<entry name="plugins\admin\webapp\WEB-INF\decorators.xml" shared="false" uninstallMode="0"/>
<entry name="resources\database\upgrade\17\openfire_mysql.sql" shared="false" uninstallMode="0"/>
<entry name="jre\lib\deploy\messages_es.properties" shared="false" uninstallMode="3"/>
<entry name="jre\lib\zi\Asia\Muscat" shared="false" uninstallMode="3"/>
<entry name="plugins\admin\webapp\images\warning-16x16.gif" shared="false" uninstallMode="0"/>
<entry name=".install4j\i4j_extf_7_19dpaqb.utf8" shared="false" uninstallMode="2"/>
<entry name="plugins\admin\webapp\images\setup_sidebar_progress5.gif" shared="false" uninstallMode="0"/>
<entry name="jre\lib\zi\America\Port_of_Spain" shared="false" uninstallMode="3"/>
<entry name="plugins\admin\webapp\images\msn-gray.gif" shared="false" uninstallMode="0"/>
<entry name="jre\lib\zi\Asia\Omsk" shared="false" uninstallMode="3"/>
<entry name="jre\bin\dtplugin\deployJava1.dll" shared="false" uninstallMode="3"/>
<entry name="jre\lib\zi\MST" shared="false" uninstallMode="3"/>
<entry name="jre\lib\zi\Africa\Libreville" shared="false" uninstallMode="3"/>
<entry name="jre\lib\zi\Europe\Vilnius" shared="false" uninstallMode="3"/>
<entry name="resources\database\upgrade\14\openfire_db2.sql" shared="false" uninstallMode="0"/>
<entry name="plugins\admin\webapp\js\cookies.js" shared="false" uninstallMode="0"/>
<entry name="jre\bin\fxplugins.dll" shared="false" uninstallMode="3"/>
<entry name="jre\lib\zi\Etc\GMT-4" shared="false" uninstallMode="3"/>
<entry name="resources\database\upgrade\4\openfire_sybase.sql" shared="false" uninstallMode="0"/>
<entry name="jre\lib\zi\America\Guatemala" shared="false" uninstallMode="3"/>
<entry name="jre\lib\zi\Etc\GMT-5" shared="false" uninstallMode="3"/>
<entry name="jre\lib\zi\Etc\GMT-2" shared="false" uninstallMode="3"/>
<entry name="jre\lib\zi\Etc\GMT-3" shared="false" uninstallMode="3"/>
<entry name="jre\lib\zi\Australia\Hobart" shared="false" uninstallMode="3"/>
<entry name="jre\lib\zi\Etc\GMT-1" shared="false" uninstallMode="3"/>
<entry name="jre\bin\jli.dll" shared="false" uninstallMode="3"/>
<entry name="jre\bin\jp2iexp.dll" shared="false" uninstallMode="3"/>
<entry name="jre\lib\zi\Asia\Magadan" shared="false" uninstallMode="3"/>
<entry name="jre\lib\zi\SystemV\MST7MDT" shared="false" uninstallMode="3"/>
<entry name="jre\lib\zi\Asia\Hebron" shared="false" uninstallMode="3"/>
<entry name="resources\i18n\openfire_i18n_de.properties" shared="false" uninstallMode="0"/>
<entry name="README.html" shared="false" uninstallMode="0"/>
<entry name="jre\lib\ext\sunjce_provider.jar" shared="false" uninstallMode="3"/>
<entry name="jre\lib\zi\Pacific\Kwajalein" shared="false" uninstallMode="3"/>
<entry name="plugins\admin\webapp\images\jive-subnav-bg.gif" shared="false" uninstallMode="0"/>
<entry name="resources\database\upgrade\19\openfire_postgresql.sql" shared="false" uninstallMode="0"/>
<entry name="jre\lib\zi\America\Cambridge_Bay" shared="false" uninstallMode="3"/>
<entry name="jre\lib\zi\Asia\Yekaterinburg" shared="false" uninstallMode="3"/>
<entry name="jre\lib\zi\America\Menominee" shared="false" uninstallMode="3"/>
<entry name="resources\database\upgrade\2\openfire_hsqldb.sql" shared="false" uninstallMode="0"/>
<entry name="resources\database\upgrade\20\openfire_sqlserver.sql" shared="false" uninstallMode="0"/>
<entry name="jre\lib\zi\America\Chicago" shared="false" uninstallMode="3"/>
<entry name="plugins\admin\webapp\images\header-background_new.gif" shared="false" uninstallMode="0"/>
<entry name="jre\lib\zi\Asia\Novosibirsk" shared="false" uninstallMode="3"/>
<entry name="jre\bin\keytool.exe" shared="false" uninstallMode="3"/>
<entry name="resources\database\upgrade\5\openfire_mysql.sql" shared="false" uninstallMode="0"/>
<entry name="jre\lib\zi\Indian\Maldives" shared="false" uninstallMode="3"/>
<entry name="plugins\admin\webapp\images\jive-body-contentbox-bg.gif" shared="false" uninstallMode="0"/>
<entry name="jre\lib\zi\America\Guayaquil" shared="false" uninstallMode="3"/>
<entry name="jre\lib\management-agent.jar" shared="false" uninstallMode="3"/>
<entry name="plugins\admin\webapp\images\working-16x16.gif" shared="false" uninstallMode="0"/>
<entry name="jre\lib\zi\Asia\Makassar" shared="false" uninstallMode="3"/>
<entry name="jre\lib\zi\Pacific\Pitcairn" shared="false" uninstallMode="3"/>
<entry name="jre\lib\deploy\messages.properties" shared="false" uninstallMode="3"/>
<entry name="jre\lib\zi\Europe\Prague" shared="false" uninstallMode="3"/>
<entry name="resources\database\upgrade\19\openfire_sqlserver.sql" shared="false" uninstallMode="0"/>
<entry name="jre\lib\jsse.jar" shared="false" uninstallMode="3"/>
<entry name="jre\lib\zi\Pacific\Efate" shared="false" uninstallMode="3"/>
<entry name="jre\lib\zi\Asia\Harbin" shared="false" uninstallMode="3"/>
<entry name="jre\lib\zi\Africa\Ceuta" shared="false" uninstallMode="3"/>
<entry name="jre\lib\zi\Africa\Lusaka" shared="false" uninstallMode="3"/>
<entry name="plugins\admin\webapp\images\jive-nav-bg-left.gif" shared="false" uninstallMode="0"/>
<entry name="jre\lib\fontconfig.bfc" shared="false" uninstallMode="3"/>
<entry name="jre\lib\zi\SystemV\EST5EDT" shared="false" uninstallMode="3"/>
<entry name="jre\lib\zi\Africa\Abidjan" shared="false" uninstallMode="3"/>
<entry name="resources\database\upgrade\16\openfire_sqlserver.sql" shared="false" uninstallMode="0"/>
<entry name="jre\lib\zi\Asia\Vladivostok" shared="false" uninstallMode="3"/>
<entry name="jre\lib\ext\sunpkcs11.jar" shared="false" uninstallMode="3"/>
<entry name="jre\lib\zi\America\Argentina\Buenos_Aires" shared="false" uninstallMode="3"/>
<entry name="jre\lib\zi\America\Halifax" shared="false" uninstallMode="3"/>
<entry name="jre\lib\zi\America\Godthab" shared="false" uninstallMode="3"/>
<entry name="plugins\admin\webapp\images\doc-changelog-16x16.gif" shared="false" uninstallMode="0"/>
<entry name="jre\lib\zi\Pacific\Wake" shared="false" uninstallMode="3"/>
<entry name="jre\bin\java_crw_demo.dll" shared="false" uninstallMode="3"/>
<entry name="resources\i18n\openfire_i18n_ja_JP.properties" shared="false" uninstallMode="0"/>
<entry name="jre\bin\mlib_image.dll" shared="false" uninstallMode="3"/>
<entry name="jre\lib\zi\Pacific\Guadalcanal" shared="false" uninstallMode="3"/>
<entry name="jre\lib\zi\America\Indiana\Marengo" shared="false" uninstallMode="3"/>
<entry name="jre\bin\client\jvm.dll" shared="false" uninstallMode="3"/>
<entry name="jre\lib\zi\Antarctica\Macquarie" shared="false" uninstallMode="3"/>
<entry name="plugins\admin\webapp\images\setup_sidebar_progress3.gif" shared="false" uninstallMode="0"/>
<entry name="resources\database\upgrade\13\openfire_mysql.sql" shared="false" uninstallMode="0"/>
<entry name="jre\lib\zi\America\Swift_Current" shared="false" uninstallMode="3"/>
<entry name="jre\lib\zi\Pacific\Niue" shared="false" uninstallMode="3"/>
<entry name=".install4j\unicows.dll" shared="false" uninstallMode="2"/>
<entry name="jre\lib\fonts\LucidaSansRegular.ttf" shared="false" uninstallMode="3"/>
<entry name="jre\lib\zi\Pacific\Auckland" shared="false" uninstallMode="3"/>
<entry name="jre\lib\calendars.properties" shared="false" uninstallMode="3"/>
<entry name="jre\lib\zi\Asia\Kolkata" shared="false" uninstallMode="3"/>
<entry name="jre\lib\zi\America\Sao_Paulo" shared="false" uninstallMode="3"/>
<entry name="jre\lib\zi\Pacific\Tahiti" shared="false" uninstallMode="3"/>
<entry name="plugins\search.jar" shared="false" uninstallMode="0"/>
<entry name="jre\lib\tzmappings" shared="false" uninstallMode="3"/>
<entry name="LICENSE.html" shared="false" uninstallMode="0"/>
<entry name="jre\lib\zi\America\Toronto" shared="false" uninstallMode="3"/>
<entry name="jre\lib\zi\Asia\Choibalsan" shared="false" uninstallMode="3"/>
<entry name="jre\lib\zi\ZoneInfoMappings" shared="false" uninstallMode="3"/>
<entry name="jre\lib\zi\Asia\Riyadh" shared="false" uninstallMode="3"/>
<entry name="jre\bin\unpack200.exe" shared="false" uninstallMode="3"/>
<entry name="plugins\admin\webapp\images\error-16x16.gif" shared="false" uninstallMode="0"/>
<entry name="jre\lib\zi\Australia\Eucla" shared="false" uninstallMode="3"/>
<entry name="jre\lib\management\management.properties" shared="false" uninstallMode="3"/>
<entry name="resources\database\upgrade\7\openfire_db2.sql" shared="false" uninstallMode="0"/>
<entry name="jre\lib\zi\America\Argentina\Cordoba" shared="false" uninstallMode="3"/>
<entry name="plugins\admin\webapp\images\setup_sidebar_bg.gif" shared="false" uninstallMode="0"/>
<entry name="jre\lib\zi\America\Indiana\Winamac" shared="false" uninstallMode="3"/>
<entry name="lib\postgres.jar.pack" shared="false" uninstallMode="0"/>
<entry name="plugins\admin\webapp\images\cache-16x16.gif" shared="false" uninstallMode="0"/>
<entry name="jre\lib\zi\Africa\Bangui" shared="false" uninstallMode="3"/>
<entry name="jre\lib\zi\Atlantic\Stanley" shared="false" uninstallMode="3"/>
<entry name=".install4j\i4j_extf_9_19dpaqb_unjvvr.png" shared="false" uninstallMode="2"/>
<entry name="jre\lib\zi\America\Tegucigalpa" shared="false" uninstallMode="3"/>
<entry name="jre\lib\zi\Asia\Macau" shared="false" uninstallMode="3"/>
<entry name="jre\bin\kcms.dll" shared="false" uninstallMode="3"/>
<entry name="jre\bin\awt.dll" shared="false" uninstallMode="3"/>
<entry name="jre\lib\images\cursors\win32_LinkNoDrop32x32.gif" shared="false" uninstallMode="3"/>
<entry name="jre\lib\deploy\messages_zh_HK.properties" shared="false" uninstallMode="3"/>
<entry name="jre\lib\zi\EST5EDT" shared="false" uninstallMode="3"/>
<entry name="jre\lib\zi\Asia\Beirut" shared="false" uninstallMode="3"/>
<entry name="jre\lib\zi\America\Anchorage" shared="false" uninstallMode="3"/>
<entry name="jre\lib\zi\Africa\Addis_Ababa" shared="false" uninstallMode="3"/>
<entry name="jre\lib\zi\Antarctica\Vostok" shared="false" uninstallMode="3"/>
<entry name="jre\lib\zi\Asia\Hovd" shared="false" uninstallMode="3"/>
<entry name="jre\lib\zi\Australia\Currie" shared="false" uninstallMode="3"/>
<entry name="resources\database\upgrade\1\openfire_db2.sql" shared="false" uninstallMode="0"/>
<entry name="jre\lib\zi\Pacific\Fiji" shared="false" uninstallMode="3"/>
<entry name="jre\lib\zi\America\Argentina\Mendoza" shared="false" uninstallMode="3"/>
<entry name="jre\lib\zi\America\Phoenix" shared="false" uninstallMode="3"/>
<entry name="jre\lib\psfont.properties.ja" shared="false" uninstallMode="3"/>
<entry name="resources\database\upgrade\17\openfire_sybase.sql" shared="false" uninstallMode="0"/>
<entry name="resources\database\upgrade\12\openfire_hsqldb.sql" shared="false" uninstallMode="0"/>
<entry name="jre\lib\zi\Asia\Manila" shared="false" uninstallMode="3"/>
<entry name="resources\nativeAuth\linux-i386\libshaj.so" shared="false" uninstallMode="0"/>
<entry name="plugins\admin\webapp\images\setup_btn_bg-grey.gif" shared="false" uninstallMode="0"/>
<entry name="jre\lib\zi\Asia\Taipei" shared="false" uninstallMode="3"/>
<entry name="jre\lib\fonts\LucidaBrightRegular.ttf" shared="false" uninstallMode="3"/>
<entry name="jre\bin\gstreamer-lite.dll" shared="false" uninstallMode="3"/>
<entry name="jre\bin\unpack.dll" shared="false" uninstallMode="3"/>
<entry name="jre\lib\zi\Antarctica\DumontDUrville" shared="false" uninstallMode="3"/>
<entry name="jre\bin\jpioji.dll" shared="false" uninstallMode="3"/>
<entry name="plugins\admin\webapp\images\sidebar_top.gif" shared="false" uninstallMode="0"/>
<entry name="documentation\pluggable-roster-support-guide.html" shared="false" uninstallMode="0"/>
<entry name="plugins\admin\webapp\WEB-INF\lib\admin-jsp.jar.pack" shared="false" uninstallMode="0"/>
<entry name="plugins\admin\webapp\images\jive-nav-bg-over.gif" shared="false" uninstallMode="0"/>
<entry name="resources\database\upgrade\5\openfire_sqlserver.sql" shared="false" uninstallMode="0"/>
<entry name="jre\lib\zi\Africa\Khartoum" shared="false" uninstallMode="3"/>
<entry name="resources\database\upgrade\5\openfire_sybase.sql" shared="false" uninstallMode="0"/>
<entry name="jre\lib\rt.jar" shared="false" uninstallMode="3"/>
<entry name="lib\jasper-runtime.jar.pack" shared="false" uninstallMode="0"/>
<entry name="jre\bin\sunec.dll" shared="false" uninstallMode="3"/>
<entry name="jre\lib\psfontj2d.properties" shared="false" uninstallMode="3"/>
<entry name="resources\database\upgrade\8\openfire_mysql.sql" shared="false" uninstallMode="0"/>
<entry name="resources\database\upgrade\6\openfire_oracle.sql" shared="false" uninstallMode="0"/>
<entry name="jre\lib\zi\Pacific\Majuro" shared="false" uninstallMode="3"/>
<entry name="documentation\ssl-guide.html" shared="false" uninstallMode="0"/>
<entry name="plugins\admin\webapp\images\edit-16x16.gif" shared="false" uninstallMode="0"/>
<entry name="jre\lib\zi\America\Kentucky\Monticello" shared="false" uninstallMode="3"/>
<entry name="jre\lib\zi\Asia\Thimphu" shared="false" uninstallMode="3"/>
<entry name="jre\lib\zi\America\Hermosillo" shared="false" uninstallMode="3"/>
<entry name="jre\lib\deploy\messages_it.properties" shared="false" uninstallMode="3"/>
<entry name="jre\COPYRIGHT" shared="false" uninstallMode="3"/>
<entry name="jre\bin\jsoundds.dll" shared="false" uninstallMode="3"/>
<entry name="jre\lib\zi\Pacific\Kosrae" shared="false" uninstallMode="3"/>
<entry name="jre\bin\plugin2\msvcr100.dll" shared="false" uninstallMode="3"/>
<entry name="jre\lib\zi\Pacific\Port_Moresby" shared="false" uninstallMode="3"/>
<entry name="jre\lib\zi\America\Maceio" shared="false" uninstallMode="3"/>
<entry name="lib\mail.jar" shared="false" uninstallMode="0"/>
<entry name="jre\lib\zi\Africa\Lubumbashi" shared="false" uninstallMode="3"/>
<entry name="jre\lib\security\javafx.policy" shared="false" uninstallMode="3"/>
<entry name="resources\database\upgrade\8\openfire_sybase.sql" shared="false" uninstallMode="0"/>
<entry name="jre\lib\zi\Asia\Yerevan" shared="false" uninstallMode="3"/>
<entry name="jre\lib\zi\Africa\Porto-Novo" shared="false" uninstallMode="3"/>
<entry name="jre\bin\jaas_nt.dll" shared="false" uninstallMode="3"/>
<entry name="jre\bin\hprof.dll" shared="false" uninstallMode="3"/>
<entry name="plugins\admin\webapp\images\msn.gif" shared="false" uninstallMode="0"/>
<entry name="jre\lib\images\cursors\invalid32x32.gif" shared="false" uninstallMode="3"/>
<entry name="resources\database\upgrade\8\openfire_hsqldb.sql" shared="false" uninstallMode="0"/>
<entry name="jre\bin\npjpi170_51.dll" shared="false" uninstallMode="3"/>
<entry name="jre\lib\zi\America\Porto_Velho" shared="false" uninstallMode="3"/>
<entry name="plugins\admin\webapp\images\blank.gif" shared="false" uninstallMode="0"/>
<entry name="documentation\images\launcher.png" shared="false" uninstallMode="0"/>
<entry name="plugins\admin\webapp\index.html" shared="false" uninstallMode="0"/>
<entry name="jre\lib\zi\America\Paramaribo" shared="false" uninstallMode="3"/>
<entry name="plugins\admin\webapp\images\setup_language_zh_CN.gif" shared="false" uninstallMode="0"/>
<entry name="jre\lib\zi\SystemV\PST8" shared="false" uninstallMode="3"/>
<entry name="resources\database\upgrade\5\openfire_db2.sql" shared="false" uninstallMode="0"/>
<entry name="jre\lib\javafx.properties" shared="false" uninstallMode="3"/>
<entry name="jre\lib\zi\Asia\Karachi" shared="false" uninstallMode="3"/>
<entry name="plugins\admin\webapp\images\user-yellow-16x16.gif" shared="false" uninstallMode="0"/>
<entry name="jre\lib\zi\Africa\Bissau" shared="false" uninstallMode="3"/>
<entry name="jre\lib\deploy\jqs\jqs.conf" shared="false" uninstallMode="3"/>
<entry name="plugins\admin\webapp\images\yahoo.gif" shared="false" uninstallMode="0"/>
<entry name="jre\lib\zi\Asia\Jerusalem" shared="false" uninstallMode="3"/>
<entry name="jre\lib\zi\Asia\Samarkand" shared="false" uninstallMode="3"/>
<entry name="jre\lib\zi\Africa\Djibouti" shared="false" uninstallMode="3"/>
<entry name="plugins\admin\webapp\images\percent-bar-used-high.gif" shared="false" uninstallMode="0"/>
<entry name="plugins\admin\webapp\images\jive-login-form-bg.gif" shared="false" uninstallMode="0"/>
<entry name="jre\bin\eula.dll" shared="false" uninstallMode="3"/>
<entry name="jre\lib\zi\Asia\Aqtobe" shared="false" uninstallMode="3"/>
<entry name="jre\lib\ext\sunec.jar" shared="false" uninstallMode="3"/>
<entry name="plugins\admin\webapp\style\ldap.css" shared="false" uninstallMode="0"/>
<entry name="plugins\admin\webapp\images\outgoing_32x16.gif" shared="false" uninstallMode="0"/>
<entry name="documentation\protocol-support.html" shared="false" uninstallMode="0"/>
<entry name="plugins\admin\webapp\images\im_dnd.gif" shared="false" uninstallMode="0"/>
<entry name="jre\bin\deploy.dll" shared="false" uninstallMode="3"/>
<entry name="plugins\admin\webapp\images\wait24trans.gif" shared="false" uninstallMode="0"/>
<entry name="jre\lib\zi\America\Rio_Branco" shared="false" uninstallMode="3"/>
<entry name="bin\extra\embedded-db.rc" shared="false" uninstallMode="0"/>
<entry name="jre\lib\zi\Etc\GMT-13" shared="false" uninstallMode="3"/>
<entry name="jre\lib\zi\Etc\GMT-14" shared="false" uninstallMode="3"/>
<entry name="jre\lib\zi\Europe\Minsk" shared="false" uninstallMode="3"/>
<entry name="plugins\admin\webapp\images\doc-down-16x16.gif" shared="false" uninstallMode="0"/>
<entry name="jre\lib\zi\America\Matamoros" shared="false" uninstallMode="3"/>
<entry name="jre\lib\zi\SystemV\PST8PDT" shared="false" uninstallMode="3"/>
<entry name="jre\lib\zi\Asia\Vientiane" shared="false" uninstallMode="3"/>
<entry name="jre\lib\zi\America\Whitehorse" shared="false" uninstallMode="3"/>
<entry name="jre\lib\zi\America\Vancouver" shared="false" uninstallMode="3"/>
<entry name="jre\lib\zi\Etc\GMT-10" shared="false" uninstallMode="3"/>
<entry name="jre\lib\zi\Etc\GMT-11" shared="false" uninstallMode="3"/>
<entry name="jre\lib\zi\Etc\GMT-12" shared="false" uninstallMode="3"/>
<entry name="plugins\admin\webapp\WEB-INF\dwr.xml" shared="false" uninstallMode="0"/>
<entry name="jre\lib\zi\America\Iqaluit" shared="false" uninstallMode="3"/>
<entry name="jre\lib\zi\America\Boise" shared="false" uninstallMode="3"/>
<entry name="jre\lib\currency.data" shared="false" uninstallMode="3"/>
<entry name="jre\lib\zi\America\Caracas" shared="false" uninstallMode="3"/>
<entry name="jre\lib\zi\Africa\Bujumbura" shared="false" uninstallMode="3"/>
<entry name="jre\bin\java.exe" shared="false" uninstallMode="3"/>
<entry name="jre\lib\zi\Asia\Ho_Chi_Minh" shared="false" uninstallMode="3"/>
<entry name="jre\lib\zi\Asia\Kabul" shared="false" uninstallMode="3"/>
<entry name="changelog.html" shared="false" uninstallMode="0"/>
<entry name="jre\lib\zi\America\Cancun" shared="false" uninstallMode="3"/>
<entry name="jre\bin\glass.dll" shared="false" uninstallMode="3"/>
<entry name="jre\lib\zi\America\Cayman" shared="false" uninstallMode="3"/>
<entry name="resources\i18n\openfire_i18n_en.properties" shared="false" uninstallMode="0"/>
<entry name="jre\lib\zi\Asia\Yakutsk" shared="false" uninstallMode="3"/>
<entry name="jre\lib\zi\Africa\Mogadishu" shared="false" uninstallMode="3"/>
<entry name="jre\lib\zi\Indian\Kerguelen" shared="false" uninstallMode="3"/>
<entry name="resources\database\upgrade\16\openfire_db2.sql" shared="false" uninstallMode="0"/>
<entry name="plugins\admin\webapp\images\login_background.png" shared="false" uninstallMode="0"/>
<entry name="resources\database\upgrade\11\openfire_postgresql.sql" shared="false" uninstallMode="0"/>
<entry name="jre\bin\axbridge.dll" shared="false" uninstallMode="3"/>
<entry name="jre\lib\deploy\messages_ko.properties" shared="false" uninstallMode="3"/>
<entry name="jre\lib\zi\Africa\Ndjamena" shared="false" uninstallMode="3"/>
<entry name="jre\bin\decora-sse.dll" shared="false" uninstallMode="3"/>
<entry name="jre\bin\dcpr.dll" shared="false" uninstallMode="3"/>
<entry name="jre\lib\zi\America\Juneau" shared="false" uninstallMode="3"/>
<entry name="jre\lib\zi\America\Bogota" shared="false" uninstallMode="3"/>
<entry name="documentation\licenses\LICENSE-xpp3.txt" shared="false" uninstallMode="0"/>
<entry name="jre\lib\zi\Antarctica\Davis" shared="false" uninstallMode="3"/>
<entry name="resources\database\upgrade\7\openfire_oracle.sql" shared="false" uninstallMode="0"/>
<entry name="resources\database\upgrade\18\openfire_mysql.sql" shared="false" uninstallMode="0"/>
<entry name="plugins\admin\webapp\images\sort_descending.gif" shared="false" uninstallMode="0"/>
<entry name="jre\lib\zi\America\Dawson" shared="false" uninstallMode="3"/>
<entry name="jre\lib\zi\America\Chihuahua" shared="false" uninstallMode="3"/>
<entry name="resources\i18n\openfire_i18n.properties" shared="false" uninstallMode="0"/>
<entry name="jre\lib\zi\America\Dawson_Creek" shared="false" uninstallMode="3"/>
<entry name="plugins\admin\webapp\WEB-INF\sitemesh.xml" shared="false" uninstallMode="0"/>
<entry name="jre\lib\zi\Pacific\Noumea" shared="false" uninstallMode="3"/>
<entry name="jre\lib\zi\America\Kentucky\Louisville" shared="false" uninstallMode="3"/>
<entry name="jre\lib\zi\America\Yakutat" shared="false" uninstallMode="3"/>
<entry name="resources\database\upgrade\19\openfire_sybase.sql" shared="false" uninstallMode="0"/>
<entry name="jre\lib\zi\Asia\Jakarta" shared="false" uninstallMode="3"/>
<entry name="jre\lib\amd64\client\classes.jsa" shared="false" uninstallMode="0"/>
<entry name="jre\lib\zi\Europe\Andorra" shared="false" uninstallMode="3"/>
<entry name="jre\lib\zi\Asia\Baku" shared="false" uninstallMode="3"/>
<entry name="resources\database\upgrade\11\openfire_sqlserver.sql" shared="false" uninstallMode="0"/>
<entry name="jre\lib\zi\America\Nassau" shared="false" uninstallMode="3"/>
<entry name=".install4j\i4j_extf_6_19dpaqb.utf8" shared="false" uninstallMode="2"/>
<entry name="jre\lib\zi\America\Santarem" shared="false" uninstallMode="3"/>
<entry name="resources\database\upgrade\10\openfire_sybase.sql" shared="false" uninstallMode="0"/>
<entry name="resources\database\upgrade\5\openfire_postgresql.sql" shared="false" uninstallMode="0"/>
<entry name="jre\lib\zi\Europe\Volgograd" shared="false" uninstallMode="3"/>
<entry name="jre\lib\zi\Asia\Kamchatka" shared="false" uninstallMode="3"/>
<entry name="resources\database\upgrade\12\openfire_postgresql.sql" shared="false" uninstallMode="0"/>
<entry name="jre\bin\server\classes.jsa" shared="false" uninstallMode="0"/>
<entry name="jre\lib\zi\America\Havana" shared="false" uninstallMode="3"/>
<entry name="jre\lib\zi\Africa\Banjul" shared="false" uninstallMode="3"/>
<entry name="resources\database\upgrade\12\openfire_sqlserver.sql" shared="false" uninstallMode="0"/>
<entry name="jre\lib\zi\Asia\Anadyr" shared="false" uninstallMode="3"/>
<entry name="plugins\admin\webapp\js\jscalendar\calendar-setup.js" shared="false" uninstallMode="0"/>
<entry name="jre\lib\zi\Africa\Nouakchott" shared="false" uninstallMode="3"/>
<entry name="jre\lib\zi\America\La_Paz" shared="false" uninstallMode="3"/>
<entry name="plugins\admin\webapp\images\setup_header_logo.gif" shared="false" uninstallMode="0"/>
<entry name="jre\lib\zi\Africa\Ouagadougou" shared="false" uninstallMode="3"/>
<entry name="jre\bin\jp2launcher.exe" shared="false" uninstallMode="3"/>
<entry name="resources\database\upgrade\6\openfire_db2.sql" shared="false" uninstallMode="0"/>
<entry name="jre\bin\w2k_lsa_auth.dll" shared="false" uninstallMode="3"/>
<entry name="resources\database\upgrade\21\openfire_hsqldb.sql" shared="false" uninstallMode="0"/>
<entry name="jre\lib\net.properties" shared="false" uninstallMode="3"/>
<entry name="jre\lib\zi\Africa\Algiers" shared="false" uninstallMode="3"/>
<entry name="plugins\admin\webapp\images\user-clear-16x16.gif" shared="false" uninstallMode="0"/>
<entry name="resources\database\upgrade\17\openfire_postgresql.sql" shared="false" uninstallMode="0"/>
<entry name="plugins\admin\webapp\images\login_boxbg.gif" shared="false" uninstallMode="0"/>
<entry name="jre\lib\zi\America\Inuvik" shared="false" uninstallMode="3"/>
<entry name="jre\lib\zi\America\Argentina\Catamarca" shared="false" uninstallMode="3"/>
<entry name="jre\lib\zi\Africa\Monrovia" shared="false" uninstallMode="3"/>
<entry name="jre\lib\meta-index" shared="false" uninstallMode="3"/>
<entry name="jre\lib\zi\Atlantic\Reykjavik" shared="false" uninstallMode="3"/>
<entry name="resources\database\upgrade\7\openfire_postgresql.sql" shared="false" uninstallMode="0"/>
<entry name="jre\lib\zi\Asia\Baghdad" shared="false" uninstallMode="3"/>
<entry name="documentation\licenses\LICENSE-commons-logging.txt" shared="false" uninstallMode="0"/>
<entry name="jre\lib\resources.jar" shared="false" uninstallMode="3"/>
<entry name="jre\lib\zi\Pacific\Tongatapu" shared="false" uninstallMode="3"/>
<entry name="jre\lib\zi\Indian\Cocos" shared="false" uninstallMode="3"/>
<entry name="jre\bin\jpiexp.dll" shared="false" uninstallMode="3"/>
<entry name="plugins\admin\webapp\images\user-red-16x16.gif" shared="false" uninstallMode="0"/>
<entry name="jre\lib\zi\America\North_Dakota\Center" shared="false" uninstallMode="3"/>
<entry name="jre\lib\zi\America\Atikokan" shared="false" uninstallMode="3"/>
<entry name="jre\lib\deploy\messages_fr.properties" shared="false" uninstallMode="3"/>
<entry name="jre\lib\zi\Pacific\Pohnpei" shared="false" uninstallMode="3"/>
<entry name="plugins\admin\webapp\images\twisty_opened_9x9.gif" shared="false" uninstallMode="0"/>
<entry name="plugins\admin\webapp\images\setup_helpicon.gif" shared="false" uninstallMode="0"/>
<entry name="jre\bin\jpinscp.dll" shared="false" uninstallMode="3"/>
<entry name="jre\lib\zi\SystemV\MST7" shared="false" uninstallMode="3"/>
<entry name="resources\database\upgrade\11\openfire_db2.sql" shared="false" uninstallMode="0"/>
<entry name="jre\lib\zi\Europe\Amsterdam" shared="false" uninstallMode="3"/>
<entry name="jre\lib\zi\Australia\Brisbane" shared="false" uninstallMode="3"/>
<entry name="lib\jtds.jar.pack" shared="false" uninstallMode="0"/>
<entry name="jre\lib\zi\Asia\Qatar" shared="false" uninstallMode="3"/>
<entry name="jre\lib\zi\Africa\Casablanca" shared="false" uninstallMode="3"/>
<entry name="jre\lib\security\cacerts" shared="false" uninstallMode="3"/>
<entry name="jre\lib\zi\Asia\Bangkok" shared="false" uninstallMode="3"/>
<entry name="jre\lib\classlist" shared="false" uninstallMode="3"/>
<entry name="jre\lib\zi\SystemV\CST6CDT" shared="false" uninstallMode="3"/>
<entry name="resources\database\upgrade\14\openfire_oracle.sql" shared="false" uninstallMode="0"/>
<entry name="jre\bin\jqs.exe" shared="false" uninstallMode="3"/>
<entry name="jre\lib\zi\Asia\Gaza" shared="false" uninstallMode="3"/>
<entry name="jre\lib\zi\Europe\Madrid" shared="false" uninstallMode="3"/>
<entry name="plugins\admin\webapp\images\setup_header_bg.gif" shared="false" uninstallMode="0"/>
<entry name="jre\lib\zi\Pacific\Gambier" shared="false" uninstallMode="3"/>
<entry name="jre\bin\policytool.exe" shared="false" uninstallMode="3"/>
<entry name="resources\database\upgrade\2\openfire_db2.sql" shared="false" uninstallMode="0"/>
<entry name="resources\database\upgrade\2\openfire_mysql.sql" shared="false" uninstallMode="0"/>
<entry name="jre\lib\zi\Africa\Gaborone" shared="false" uninstallMode="3"/>
<entry name="resources\spank\WEB-INF\web.xml" shared="false" uninstallMode="0"/>
<entry name="jre\lib\zi\Indian\Chagos" shared="false" uninstallMode="3"/>
<entry name="resources\database\upgrade\15\openfire_sqlserver.sql" shared="false" uninstallMode="0"/>
<entry name="jre\lib\security\java.security" shared="false" uninstallMode="3"/>
<entry name="jre\lib\zi\Pacific\Palau" shared="false" uninstallMode="3"/>
<entry name="jre\lib\zi\Asia\Phnom_Penh" shared="false" uninstallMode="3"/>
<entry name="jre\bin\npoji610.dll" shared="false" uninstallMode="3"/>
<entry name="jre\lib\zi\MET" shared="false" uninstallMode="3"/>
<entry name="jre\lib\zi\America\Rankin_Inlet" shared="false" uninstallMode="3"/>
<entry name="lib\bcpg-jdk15on.jar" shared="false" uninstallMode="0"/>
<entry name="jre\lib\cmm\LINEAR_RGB.pf" shared="false" uninstallMode="3"/>
<entry name="jre\lib\jvm.hprof.txt" shared="false" uninstallMode="3"/>
<entry name="jre\lib\zi\Europe\Malta" shared="false" uninstallMode="3"/>
<entry name="jre\lib\zi\Asia\Dubai" shared="false" uninstallMode="3"/>
<entry name="jre\bin\rmid.exe" shared="false" uninstallMode="3"/>
<entry name="documentation\translator-guide.html" shared="false" uninstallMode="0"/>
<entry name="plugins\admin\webapp\style\global.css" shared="false" uninstallMode="0"/>
<entry name="plugins\admin\webapp\style\login.css" shared="false" uninstallMode="0"/>
<entry name="jre\lib\zi\Pacific\Enderbury" shared="false" uninstallMode="3"/>
<entry name="plugins\admin\webapp\images\tape.gif" shared="false" uninstallMode="0"/>
<entry name="jre\bin\JAWTAccessBridge-32.dll" shared="false" uninstallMode="3"/>
<entry name="jre\lib\zi\Asia\Tehran" shared="false" uninstallMode="3"/>
<entry name="resources\i18n\openfire_i18n_ru_RU.properties" shared="false" uninstallMode="0"/>
<entry name="resources\database\upgrade\12\openfire_oracle.sql" shared="false" uninstallMode="0"/>
<entry name="resources\database\upgrade\6\openfire_postgresql.sql" shared="false" uninstallMode="0"/>
<entry name="resources\database\upgrade\2\openfire_postgresql.sql" shared="false" uninstallMode="0"/>
<entry name="plugins\admin\webapp\images\sort_ascending.gif" shared="false" uninstallMode="0"/>
<entry name="jre\lib\zi\Australia\Darwin" shared="false" uninstallMode="3"/>
<entry name="resources\database\upgrade\5\openfire_oracle.sql" shared="false" uninstallMode="0"/>
<entry name="resources\database\upgrade\18\openfire_sqlserver.sql" shared="false" uninstallMode="0"/>
<entry name="resources\database\openfire_postgresql.sql" shared="false" uninstallMode="0"/>
<entry name="resources\database\upgrade\15\openfire_postgresql.sql" shared="false" uninstallMode="0"/>
<entry name="jre\lib\zi\Africa\Luanda" shared="false" uninstallMode="3"/>
<entry name="jre\bin\kinit.exe" shared="false" uninstallMode="3"/>
<entry name="jre\lib\deploy\ffjcext.zip" shared="false" uninstallMode="3"/>
<entry name="plugins\admin\webapp\images\im_free_chat.gif" shared="false" uninstallMode="0"/>
<entry name="jre\lib\zi\America\Recife" shared="false" uninstallMode="3"/>
<entry name="jre\lib\security\blacklist" shared="false" uninstallMode="3"/>
<entry name="resources\database\upgrade\4\openfire_mysql.sql" shared="false" uninstallMode="0"/>
<entry name="resources\database\upgrade\12\openfire_mysql.sql" shared="false" uninstallMode="0"/>
<entry name="jre\lib\cmm\PYCC.pf" shared="false" uninstallMode="3"/>
<entry name="documentation\wildfire-ent-3_2_0-upgrade.html" shared="false" uninstallMode="0"/>
<entry name="jre\lib\zi\Africa\Bamako" shared="false" uninstallMode="3"/>
<entry name="plugins\admin\webapp\images\check-16x16.gif" shared="false" uninstallMode="0"/>
<entry name="jre\lib\zi\America\Indiana\Vevay" shared="false" uninstallMode="3"/>
<entry name="jre\bin\jdwp.dll" shared="false" uninstallMode="3"/>
<entry name="jre\lib\zi\Asia\Seoul" shared="false" uninstallMode="3"/>
<entry name="documentation\database-guide.html" shared="false" uninstallMode="0"/>
<entry name="jre\lib\zi\Pacific\Norfolk" shared="false" uninstallMode="3"/>
<entry name="resources\database\upgrade\12\openfire_db2.sql" shared="false" uninstallMode="0"/>
<entry name="resources\database\upgrade\14\openfire_hsqldb.sql" shared="false" uninstallMode="0"/>
<entry name="jre\lib\jfr\default.jfc" shared="false" uninstallMode="3"/>
<entry name="resources\database\upgrade\16\openfire_postgresql.sql" shared="false" uninstallMode="0"/>
<entry name="resources\database\upgrade\18\openfire_oracle.sql" shared="false" uninstallMode="0"/>
<entry name="resources\database\upgrade\15\openfire_db2.sql" shared="false" uninstallMode="0"/>
<entry name="documentation\images\header_logo.gif" shared="false" uninstallMode="0"/>
<entry name="resources\database\upgrade\19\openfire_db2.sql" shared="false" uninstallMode="0"/>
<entry name="jre\lib\zi\Asia\Singapore" shared="false" uninstallMode="3"/>
<entry name="resources\security\truststore" shared="false" uninstallMode="1"/>
<entry name="jre\lib\jfr\profile.jfc" shared="false" uninstallMode="3"/>
<entry name="plugins\admin\webapp\js\tooltips\fadomatic.js" shared="false" uninstallMode="0"/>
<entry name="jre\lib\zi\Atlantic\Canary" shared="false" uninstallMode="3"/>
<entry name="plugins\admin\webapp\images\jive-body-bg.gif" shared="false" uninstallMode="0"/>
<entry name="jre\lib\zi\Pacific\Pago_Pago" shared="false" uninstallMode="3"/>
<entry name="jre\lib\zi\Asia\Amman" shared="false" uninstallMode="3"/>
<entry name="jre\bin\prism-d3d.dll" shared="false" uninstallMode="3"/>
<entry name="jre\lib\zi\Asia\Nicosia" shared="false" uninstallMode="3"/>
<entry name="plugins\admin\webapp\WEB-INF\admin.tld" shared="false" uninstallMode="0"/>
<entry name="jre\bin\libxslt.dll" shared="false" uninstallMode="3"/>
<entry name="resources\database\upgrade\7\openfire_sybase.sql" shared="false" uninstallMode="0"/>
<entry name="jre\lib\sound.properties" shared="false" uninstallMode="3"/>
<entry name="jre\lib\zi\America\Belize" shared="false" uninstallMode="3"/>
<entry name="jre\lib\zi\Africa\Kigali" shared="false" uninstallMode="3"/>
<entry name="jre\lib\zi\America\New_York" shared="false" uninstallMode="3"/>
<entry name="jre\lib\zi\Etc\UCT" shared="false" uninstallMode="3"/>
<entry name="resources\database\upgrade\10\openfire_mysql.sql" shared="false" uninstallMode="0"/>
<entry name="jre\lib\zi\Europe\Sofia" shared="false" uninstallMode="3"/>
<entry name=".install4j\i4j_extf_0_19dpaqb.utf8" shared="false" uninstallMode="2"/>
<entry name="jre\lib\security\javaws.policy" shared="false" uninstallMode="3"/>
<entry name="jre\lib\jce.jar" shared="false" uninstallMode="3"/>
<entry name="jre\lib\content-types.properties" shared="false" uninstallMode="3"/>
<entry name="resources\database\upgrade\13\openfire_sqlserver.sql" shared="false" uninstallMode="0"/>
<entry name="lib\commons-el.jar.pack" shared="false" uninstallMode="0"/>
<entry name="jre\lib\zi\Europe\Gibraltar" shared="false" uninstallMode="3"/>
<entry name=".install4j\i4j_extf_2_19dpaqb.utf8" shared="false" uninstallMode="2"/>
<entry name="jre\lib\zi\Pacific\Saipan" shared="false" uninstallMode="3"/>
<entry name="jre\bin\t2k.dll" shared="false" uninstallMode="3"/>
<entry name="jre\lib\zi\Europe\Oslo" shared="false" uninstallMode="3"/>
<entry name="resources\database\upgrade\16\openfire_mysql.sql" shared="false" uninstallMode="0"/>
<entry name="jre\lib\zi\HST" shared="false" uninstallMode="3"/>
<entry name="jre\bin\jpicom.dll" shared="false" uninstallMode="3"/>
<entry name="jre\lib\zi\Indian\Mahe" shared="false" uninstallMode="3"/>
<entry name="jre\bin\dt_shmem.dll" shared="false" uninstallMode="3"/>
<entry name="jre\lib\zi\Australia\Sydney" shared="false" uninstallMode="3"/>
<entry name="resources\database\upgrade\8\openfire_db2.sql" shared="false" uninstallMode="0"/>
<entry name="resources\database\upgrade\16\openfire_hsqldb.sql" shared="false" uninstallMode="0"/>
<entry name="plugins\admin\webapp\images\refresh-16x16.gif" shared="false" uninstallMode="0"/>
<entry name="jre\lib\zi\America\Argentina\Ushuaia" shared="false" uninstallMode="3"/>
<entry name="jre\lib\zi\Asia\Colombo" shared="false" uninstallMode="3"/>
<entry name="jre\bin\client\Xusage.txt" shared="false" uninstallMode="3"/>
<entry name="jre\lib\deploy\jqs\jqsmessages.properties" shared="false" uninstallMode="3"/>
<entry name="jre\lib\zi\Atlantic\Faroe" shared="false" uninstallMode="3"/>
<entry name="jre\lib\fontconfig.properties.src" shared="false" uninstallMode="3"/>
<entry name="documentation\database.html" shared="false" uninstallMode="0"/>
<entry name="jre\lib\zi\America\Rainy_River" shared="false" uninstallMode="3"/>
<entry name="jre\lib\zi\America\Miquelon" shared="false" uninstallMode="3"/>
<entry name="resources\database\upgrade\16\openfire_sybase.sql" shared="false" uninstallMode="0"/>
<entry name=".install4j\i4j_extf_1_19dpaqb.utf8" shared="false" uninstallMode="2"/>
<entry name="resources\database\upgrade\13\openfire_sybase.sql" shared="false" uninstallMode="0"/>
<entry name="jre\lib\zi\Africa\Lome" shared="false" uninstallMode="3"/>
<entry name="plugins\admin\webapp\images\setup_sidebar_check.gif" shared="false" uninstallMode="0"/>
<entry name="resources\database\upgrade\9\openfire_hsqldb.sql" shared="false" uninstallMode="0"/>
<entry name="jre\lib\zi\SystemV\YST9YDT" shared="false" uninstallMode="3"/>
<entry name="jre\lib\zi\America\Boa_Vista" shared="false" uninstallMode="3"/>
<entry name="lib\openfire.jar.pack" shared="false" uninstallMode="0"/>
<entry name="jre\bin\jawt.dll" shared="false" uninstallMode="3"/>
<entry name="jre\lib\zi\Pacific\Honolulu" shared="false" uninstallMode="3"/>
<entry name="resources\database\upgrade\9\openfire_db2.sql" shared="false" uninstallMode="0"/>
<entry name="jre\lib\zi\Asia\Dhaka" shared="false" uninstallMode="3"/>
<entry name="plugins\admin\webapp\images\im_available.gif" shared="false" uninstallMode="0"/>
<entry name="jre\lib\accessibility.properties" shared="false" uninstallMode="3"/>
<entry name="jre\lib\zi\Europe\Luxembourg" shared="false" uninstallMode="3"/>
<entry name="resources\database\upgrade\14\openfire_sqlserver.sql" shared="false" uninstallMode="0"/>
<entry name="jre\lib\zi\Europe\Zaporozhye" shared="false" uninstallMode="3"/>
<entry name="jre\lib\zi\Asia\Chongqing" shared="false" uninstallMode="3"/>
<entry name="jre\lib\zi\MST7MDT" shared="false" uninstallMode="3"/>
<entry name="resources\database\upgrade\20\openfire_db2.sql" shared="false" uninstallMode="0"/>
<entry name="jre\bin\jsdt.dll" shared="false" uninstallMode="3"/>
<entry name="jre\lib\zi\America\El_Salvador" shared="false" uninstallMode="3"/>
<entry name="jre\lib\zi\Africa\Malabo" shared="false" uninstallMode="3"/>
<entry name="jre\lib\zi\America\Indiana\Knox" shared="false" uninstallMode="3"/>
<entry name="plugins\admin\webapp\images\clearspace.gif" shared="false" uninstallMode="0"/>
<entry name="plugins\admin\webapp\js\jscalendar\calendar.js" shared="false" uninstallMode="0"/>
<entry name="plugins\admin\webapp\js\effects.js" shared="false" uninstallMode="0"/>
<entry name="resources\database\upgrade\17\openfire_sqlserver.sql" shared="false" uninstallMode="0"/>
<entry name="jre\lib\fonts\LucidaTypewriterBold.ttf" shared="false" uninstallMode="3"/>
<entry name="jre\lib\zi\Europe\Budapest" shared="false" uninstallMode="3"/>
<entry name="resources\database\upgrade\21\openfire_postgresql.sql" shared="false" uninstallMode="0"/>
<entry name="jre\lib\zi\America\Indiana\Petersburg" shared="false" uninstallMode="3"/>
<entry name="jre\lib\zi\Indian\Antananarivo" shared="false" uninstallMode="3"/>
<entry name="plugins\admin\webapp\images\twisty_inactive_9x9.gif" shared="false" uninstallMode="0"/>
<entry name="jre\lib\zi\Australia\Broken_Hill" shared="false" uninstallMode="3"/>
<entry name="jre\bin\jabswitch.exe" shared="false" uninstallMode="3"/>
<entry name="jre\THIRDPARTYLICENSEREADME-JAVAFX.txt" shared="false" uninstallMode="3"/>
<entry name="jre\lib\zi\Europe\London" shared="false" uninstallMode="3"/>
<entry name=".install4j\pref_jre.cfg" shared="false" uninstallMode="0"/>
<entry name="jre\bin\jpishare.dll" shared="false" uninstallMode="3"/>
<entry name=".install4j\install.prop" shared="false" uninstallMode="0"/>
<entry name="jre\lib\zi\Africa\Harare" shared="false" uninstallMode="3"/>
<entry name="jre\lib\zi\Pacific\Nauru" shared="false" uninstallMode="3"/>
<entry name="resources\database\upgrade\6\openfire_mysql.sql" shared="false" uninstallMode="0"/>
<entry name="documentation\images\active_directory.png" shared="false" uninstallMode="0"/>
<entry name=".install4j\i4j_extf_10_19dpaqb.html" shared="false" uninstallMode="2"/>
<entry name="jre\lib\zi\Antarctica\Mawson" shared="false" uninstallMode="3"/>
<entry name="plugins\admin\webapp\images\star-16x16.gif" shared="false" uninstallMode="0"/>
<entry name="resources\database\upgrade\13\openfire_db2.sql" shared="false" uninstallMode="0"/>
<entry name="jre\lib\zi\Asia\Tashkent" shared="false" uninstallMode="3"/>
<entry name="plugins\admin\webapp\images\server_16x16.gif" shared="false" uninstallMode="0"/>
<entry name="jre\lib\zi\Pacific\Kiritimati" shared="false" uninstallMode="3"/>
<entry name="plugins\admin\webapp\images\jive-nav-bg.gif" shared="false" uninstallMode="0"/>
<entry name="jre\lib\zi\Pacific\Galapagos" shared="false" uninstallMode="3"/>
<entry name="jre\lib\zi\Pacific\Apia" shared="false" uninstallMode="3"/>
<entry name="plugins\admin\webapp\images\login_logo.gif" shared="false" uninstallMode="0"/>
<entry name="jre\lib\zi\America\Adak" shared="false" uninstallMode="3"/>
<entry name="jre\lib\zi\America\Asuncion" shared="false" uninstallMode="3"/>
<entry name="plugins\admin\webapp\images\plugin-16x16.gif" shared="false" uninstallMode="0"/>
<entry name="jre\bin\java.dll" shared="false" uninstallMode="3"/>
<entry name="jre\bin\plugin2\npjp2.dll" shared="false" uninstallMode="3"/>
<entry name="lib\jdic.jar" shared="false" uninstallMode="0"/>
<entry name="jre\lib\zi\Asia\Brunei" shared="false" uninstallMode="3"/>
<entry name="resources\database\upgrade\1\openfire_postgresql.sql" shared="false" uninstallMode="0"/>
<entry name="jre\bin\management.dll" shared="false" uninstallMode="3"/>
<entry name="jre\lib\zi\Atlantic\St_Helena" shared="false" uninstallMode="3"/>
<entry name="resources\i18n\openfire_i18n_zh_CN.properties" shared="false" uninstallMode="0"/>
<entry name="resources\database\openfire_oracle.sql" shared="false" uninstallMode="0"/>
<entry name="jre\lib\zi\America\Martinique" shared="false" uninstallMode="3"/>
<entry name="resources\database\openfire_hsqldb.sql" shared="false" uninstallMode="0"/>
<entry name="resources\database\upgrade\9\openfire_sybase.sql" shared="false" uninstallMode="0"/>
<entry name="jre\lib\zi\Asia\Ust-Nera" shared="false" uninstallMode="3"/>
<entry name="jre\lib\zi\Africa\Kinshasa" shared="false" uninstallMode="3"/>
<entry name="lib\jasper-compiler.jar.pack" shared="false" uninstallMode="0"/>
<entry name="jre\Welcome.html" shared="false" uninstallMode="3"/>
<entry name="jre\lib\zi\Europe\Paris" shared="false" uninstallMode="3"/>
<entry name="jre\bin\dt_socket.dll" shared="false" uninstallMode="3"/>
<entry name="uninstall.exe" shared="false" uninstallMode="0"/>
<entry name="jre\lib\zi\America\Bahia" shared="false" uninstallMode="3"/>
<entry name="plugins\admin\webapp\images\aim.gif" shared="false" uninstallMode="0"/>
<entry name="resources\database\upgrade\10\openfire_postgresql.sql" shared="false" uninstallMode="0"/>
<entry name="lib\mysql.jar.pack" shared="false" uninstallMode="0"/>
<entry name="resources\database\upgrade\21\openfire_sybase.sql" shared="false" uninstallMode="0"/>
<entry name="jre\lib\zi\America\Manaus" shared="false" uninstallMode="3"/>
<entry name="jre\lib\ext\sunmscapi.jar" shared="false" uninstallMode="3"/>
<entry name="jre\lib\zi\Europe\Moscow" shared="false" uninstallMode="3"/>
<entry name="jre\lib\deploy.jar" shared="false" uninstallMode="3"/>
<entry name="jre\release" shared="false" uninstallMode="3"/>
<entry name="jre\lib\zi\SystemV\AST4" shared="false" uninstallMode="3"/>
<entry name="bin\openfire-service.exe" shared="false" uninstallMode="0"/>
<entry name="jre\lib\zi\Africa\Tripoli" shared="false" uninstallMode="3"/>
<entry name="resources\database\upgrade\8\openfire_sqlserver.sql" shared="false" uninstallMode="0"/>
<entry name="jre\lib\fonts\LucidaTypewriterRegular.ttf" shared="false" uninstallMode="3"/>
<entry name="plugins\admin\webapp\images\setup_btn_bg-orange.gif" shared="false" uninstallMode="0"/>
<entry name="plugins\admin\webapp\images\aim-gray.gif" shared="false" uninstallMode="0"/>
<entry name="jre\lib\zi\Africa\Douala" shared="false" uninstallMode="3"/>
<entry name="jre\lib\zi\Asia\Jayapura" shared="false" uninstallMode="3"/>
<entry name="jre\lib\zi\Atlantic\Madeira" shared="false" uninstallMode="3"/>
<entry name="plugins\admin\webapp\images\setup_sidebar_progress0.gif" shared="false" uninstallMode="0"/>
<entry name="jre\lib\zi\Pacific\Midway" shared="false" uninstallMode="3"/>
<entry name="jre\bin\j2pkcs11.dll" shared="false" uninstallMode="3"/>
<entry name="jre\lib\zi\America\Moncton" shared="false" uninstallMode="3"/>
<entry name="jre\lib\zi\Africa\Niamey" shared="false" uninstallMode="3"/>
<entry name="resources\i18n\openfire_i18n_sk.properties" shared="false" uninstallMode="0"/>
<entry name="jre\lib\zi\America\Barbados" shared="false" uninstallMode="3"/>
<entry name=".install4j\stats.properties" shared="false" uninstallMode="2"/>
<entry name="lib\activation.jar" shared="false" uninstallMode="0"/>
<entry name="plugins\admin\webapp\images\icq.gif" shared="false" uninstallMode="0"/>
<entry name="resources\database\upgrade\13\openfire_postgresql.sql" shared="false" uninstallMode="0"/>
<entry name="jre\lib\zi\Asia\Bishkek" shared="false" uninstallMode="3"/>
<entry name="jre\lib\zi\America\Guyana" shared="false" uninstallMode="3"/>
<entry name="jre\bin\client\classes.jsa" shared="false" uninstallMode="0"/>
<entry name="resources\database\upgrade\20\openfire_oracle.sql" shared="false" uninstallMode="0"/>
<entry name="jre\lib\cmm\CIEXYZ.pf" shared="false" uninstallMode="3"/>
<entry name="resources\database\upgrade\16\openfire_oracle.sql" shared="false" uninstallMode="0"/>
<entry name="jre\lib\zi\America\Goose_Bay" shared="false" uninstallMode="3"/>
<entry name="jre\lib\management\jmxremote.password.template" shared="false" uninstallMode="3"/>
<entry name="jre\lib\zi\Indian\Christmas" shared="false" uninstallMode="3"/>
<entry name="jre\lib\zi\Africa\Johannesburg" shared="false" uninstallMode="3"/>
<entry name="plugins\admin\webapp\images\setup_sidebar_progress2.gif" shared="false" uninstallMode="0"/>
<entry name="jre\lib\zi\America\Araguaina" shared="false" uninstallMode="3"/>
<entry name="jre\lib\zi\America\Santiago" shared="false" uninstallMode="3"/>
<entry name="plugins\admin\webapp\images\jive-login-bg.gif" shared="false" uninstallMode="0"/>
<entry name="jre\lib\zi\Australia\Adelaide" shared="false" uninstallMode="3"/>
<entry name="jre\lib\zi\America\Cayenne" shared="false" uninstallMode="3"/>
<entry name="plugins\admin\webapp\images\icon_update-16x16.gif" shared="false" uninstallMode="0"/>
<entry name="documentation\images\windows_service.png" shared="false" uninstallMode="0"/>
<entry name="plugins\admin\webapp\images\bullet.gif" shared="false" uninstallMode="0"/>
<entry name="jre\bin\JavaAccessBridge-32.dll" shared="false" uninstallMode="3"/>
<entry name="jre\bin\JdbcOdbc.dll" shared="false" uninstallMode="3"/>
<entry name="jre\lib\zi\Asia\Irkutsk" shared="false" uninstallMode="3"/>
<entry name="plugins\admin\webapp\images\percent-bar-used-low.gif" shared="false" uninstallMode="0"/>
<entry name="jre\lib\zi\America\Montevideo" shared="false" uninstallMode="3"/>
<entry name="jre\README.txt" shared="false" uninstallMode="3"/>
<entry name="jre\bin\msvcr100.dll" shared="false" uninstallMode="3"/>
<entry name="jre\lib\zi\America\Jamaica" shared="false" uninstallMode="3"/>
<entry name="jre\lib\zi\Asia\Kashgar" shared="false" uninstallMode="3"/>
<entry name="resources\database\upgrade\9\openfire_oracle.sql" shared="false" uninstallMode="0"/>
<entry name="jre\lib\zi\Africa\Maputo" shared="false" uninstallMode="3"/>
<entry name="resources\database\upgrade\9\openfire_postgresql.sql" shared="false" uninstallMode="0"/>
<entry name="jre\lib\zi\America\Winnipeg" shared="false" uninstallMode="3"/>
<entry name="resources\database\upgrade\10\openfire_hsqldb.sql" shared="false" uninstallMode="0"/>
<entry name="jre\lib\zi\Asia\Novokuznetsk" shared="false" uninstallMode="3"/>
<entry name="bin\extra\embedded-db-viewer.bat" shared="false" uninstallMode="0"/>
<entry name="jre\lib\jfxrt.jar" shared="false" uninstallMode="3"/>
<entry name="jre\lib\zi\Europe\Bucharest" shared="false" uninstallMode="3"/>
<entry name="jre\lib\zi\America\Resolute" shared="false" uninstallMode="3"/>
<entry name="lib\hsqldb.jar.pack" shared="false" uninstallMode="0"/>
<entry name="jre\lib\deploy\splash.gif" shared="false" uninstallMode="3"/>
<entry name="jre\lib\fonts\LucidaBrightDemiBold.ttf" shared="false" uninstallMode="3"/>
<entry name="C:\ProgramData\Microsoft\Windows\Start Menu\Programs\Openfire\Openfire .lnk" shared="false" uninstallMode="2"/>
<entry name="documentation\style.css" shared="false" uninstallMode="0"/>
<entry name="resources\i18n\openfire_i18n_fr.properties" shared="false" uninstallMode="0"/>
<entry name="plugins\admin\webapp\js\controls.js" shared="false" uninstallMode="0"/>
<entry name="resources\database\upgrade\17\openfire_hsqldb.sql" shared="false" uninstallMode="0"/>
<entry name="plugins\admin\webapp\images\check.gif" shared="false" uninstallMode="0"/>
<entry name="jre\lib\zi\Europe\Brussels" shared="false" uninstallMode="3"/>
<entry name="lib\bcpkix-jdk15on.jar" shared="false" uninstallMode="0"/>
<entry name="plugins\admin\webapp\images\jive-tertnav-top.gif" shared="false" uninstallMode="0"/>
<entry name="plugins\admin\webapp\images\certificate_ok-16x16.png" shared="false" uninstallMode="0"/>
<entry name="plugins\admin\webapp\images\both_32x16.gif" shared="false" uninstallMode="0"/>
<entry name="resources\database\upgrade\8\openfire_postgresql.sql" shared="false" uninstallMode="0"/>
<entry name="jre\bin\instrument.dll" shared="false" uninstallMode="3"/>
<entry name="jre\lib\i386\jvm.cfg" shared="false" uninstallMode="3"/>
<entry name="jre\lib\zi\Africa\Accra" shared="false" uninstallMode="3"/>
<entry name="jre\lib\zi\America\Regina" shared="false" uninstallMode="3"/>
<entry name="plugins\admin\webapp\WEB-INF\lib\commons-io.jar.pack" shared="false" uninstallMode="0"/>
<entry name=".install4j\response.varfile" shared="false" uninstallMode="0"/>
<entry name="jre\lib\zi\Asia\Kuching" shared="false" uninstallMode="3"/>
<entry name="jre\lib\zi\SystemV\CST6" shared="false" uninstallMode="3"/>
<entry name="plugins\admin\webapp\images\yahoo-gray.gif" shared="false" uninstallMode="0"/>
<entry name="jre\lib\logging.properties" shared="false" uninstallMode="3"/>
<entry name="lib\tray.dll" shared="false" uninstallMode="0"/>
<entry name="jre\lib\zi\Asia\Dushanbe" shared="false" uninstallMode="3"/>
<entry name="jre\THIRDPARTYLICENSEREADME.txt" shared="false" uninstallMode="3"/>
<entry name="jre\lib\zi\Asia\Ashgabat" shared="false" uninstallMode="3"/>
<entry name="jre\bin\orbd.exe" shared="false" uninstallMode="3"/>
<entry name="jre\lib\cmm\sRGB.pf" shared="false" uninstallMode="3"/>
<entry name="jre\lib\deploy\messages_zh_CN.properties" shared="false" uninstallMode="3"/>
<entry name="jre\lib\zi\Asia\Urumqi" shared="false" uninstallMode="3"/>
<entry name="plugins\admin\webapp\images\header-help_new.gif" shared="false" uninstallMode="0"/>
<entry name="plugins\admin\webapp\js\scriptaculous.js" shared="false" uninstallMode="0"/>
<entry name="plugins\admin\webapp\images\x.gif" shared="false" uninstallMode="0"/>
<entry name="resources\database\upgrade\21\openfire_sqlserver.sql" shared="false" uninstallMode="0"/>
<entry name="resources\database\upgrade\12\openfire_sybase.sql" shared="false" uninstallMode="0"/>
<entry name="plugins\admin\webapp\style\setup.css" shared="false" uninstallMode="0"/>
<entry name="jre\lib\zi\Antarctica\Palmer" shared="false" uninstallMode="3"/>
<entry name="jre\lib\zi\Europe\Simferopol" shared="false" uninstallMode="3"/>
<entry name="resources\database\upgrade\6\openfire_hsqldb.sql" shared="false" uninstallMode="0"/>
<entry name="jre\lib\zi\America\Creston" shared="false" uninstallMode="3"/>
<entry name="jre\lib\zi\Pacific\Funafuti" shared="false" uninstallMode="3"/>
<entry name="documentation\db-integration-guide.html" shared="false" uninstallMode="0"/>
<entry name="jre\lib\zi\America\Tijuana" shared="false" uninstallMode="3"/>
<entry name=".install4j\i4jdel.exe" shared="false" uninstallMode="2"/>
<entry name="plugins\admin\webapp\images\user-green-16x16.gif" shared="false" uninstallMode="0"/>
<entry name="resources\i18n\openfire_i18n_pt_BR.properties" shared="false" uninstallMode="0"/>
<entry name="jre\lib\zi\Asia\Kuwait" shared="false" uninstallMode="3"/>
<entry name="plugins\admin\webapp\images\percent-bar-left.gif" shared="false" uninstallMode="0"/>
<entry name="jre\lib\zi\Europe\Warsaw" shared="false" uninstallMode="3"/>
<entry name="bin\extra\openfire-launchd-wrapper.sh" shared="false" uninstallMode="0"/>
<entry name="resources\database\upgrade\7\openfire_hsqldb.sql" shared="false" uninstallMode="0"/>
<entry name="plugins\admin\webapp\js\jscalendar\calendar-win2k-cold-1.css" shared="false" uninstallMode="0"/>
<entry name="jre\lib\zi\Atlantic\Cape_Verde" shared="false" uninstallMode="3"/>
<entry name="documentation\upgrade-guide.html" shared="false" uninstallMode="0"/>
<entry name="plugins\admin\webapp\images\bullet-yellow-14x14.gif" shared="false" uninstallMode="0"/>
<entry name="jre\lib\zi\America\Nipigon" shared="false" uninstallMode="3"/>
<entry name="jre\lib\zi\America\Argentina\Rio_Gallegos" shared="false" uninstallMode="3"/>
<entry name="jre\lib\zi\Europe\Kaliningrad" shared="false" uninstallMode="3"/>
<entry name="jre\lib\zi\Africa\Asmara" shared="false" uninstallMode="3"/>
<entry name="resources\nativeAuth\solaris-sparc\libshaj.so" shared="false" uninstallMode="0"/>
<entry name="plugins\admin\webapp\js\slider.js" shared="false" uninstallMode="0"/>
<entry name="resources\database\upgrade\2\openfire_oracle.sql" shared="false" uninstallMode="0"/>
<entry name="jre\lib\zi\America\Indiana\Tell_City" shared="false" uninstallMode="3"/>
<entry name="jre\lib\zi\America\Danmarkshavn" shared="false" uninstallMode="3"/>
<entry name="jre\lib\zi\Pacific\Chatham" shared="false" uninstallMode="3"/>
<entry name="jre\lib\zi\America\Managua" shared="false" uninstallMode="3"/>
<entry name="jre\lib\zi\Asia\Almaty" shared="false" uninstallMode="3"/>
<entry name="jre\bin\javafx-iio.dll" shared="false" uninstallMode="3"/>
<entry name="jre\lib\zi\Australia\Lindeman" shared="false" uninstallMode="3"/>
<entry name="resources\database\upgrade\9\openfire_sqlserver.sql" shared="false" uninstallMode="0"/>
<entry name="plugins\admin\webapp\images\mark-16x16.gif" shared="false" uninstallMode="0"/>
<entry name="jre\bin\javaw.exe" shared="false" uninstallMode="3"/>
<entry name="resources\database\upgrade\20\openfire_postgresql.sql" shared="false" uninstallMode="0"/>
<entry name="jre\lib\zi\America\Sitka" shared="false" uninstallMode="3"/>
<entry name="jre\lib\zi\SystemV\AST4ADT" shared="false" uninstallMode="3"/>
<entry name="jre\lib\zi\Asia\Dili" shared="false" uninstallMode="3"/>
<entry name="documentation\ldap-guide.html" shared="false" uninstallMode="0"/>
<entry name="resources\database\openfire_db2.sql" shared="false" uninstallMode="0"/>
<entry name="jre\lib\zi\America\Thunder_Bay" shared="false" uninstallMode="3"/>
<entry name="jre\lib\zi\America\Indiana\Indianapolis" shared="false" uninstallMode="3"/>
<entry name="bin\extra\redhat\openfire" shared="false" uninstallMode="0"/>
<entry name="documentation\licenses\LICENSE-dom4j.txt" shared="false" uninstallMode="0"/>
<entry name="jre\lib\zi\Asia\Riyadh87" shared="false" uninstallMode="3"/>
<entry name="jre\lib\deploy\messages_sv.properties" shared="false" uninstallMode="3"/>
<entry name="jre\lib\ext\jaccess.jar" shared="false" uninstallMode="3"/>
<entry name="jre\lib\zi\Asia\Riyadh88" shared="false" uninstallMode="3"/>
<entry name="jre\lib\zi\Asia\Riyadh89" shared="false" uninstallMode="3"/>
<entry name="jre\lib\zi\Antarctica\Casey" shared="false" uninstallMode="3"/>
<entry name="jre\lib\zi\America\Santa_Isabel" shared="false" uninstallMode="3"/>
<entry name="jre\lib\zi\America\St_Johns" shared="false" uninstallMode="3"/>
<entry name="jre\bin\npt.dll" shared="false" uninstallMode="3"/>
<entry name="lib\slf4j-log4j12.jar.pack" shared="false" uninstallMode="0"/>
<entry name="jre\lib\zi\America\North_Dakota\Beulah" shared="false" uninstallMode="3"/>
<entry name="jre\lib\zi\America\Thule" shared="false" uninstallMode="3"/>
<entry name="jre\lib\ext\dnsns.jar" shared="false" uninstallMode="3"/>
<entry name="plugins\admin\webapp\images\login_header.gif" shared="false" uninstallMode="0"/>
<entry name="jre\lib\security\US_export_policy.jar" shared="false" uninstallMode="3"/>
<entry name="jre\lib\zi\Etc\UTC" shared="false" uninstallMode="3"/>
<entry name=".install4j\i4j_extf_4_19dpaqb.utf8" shared="false" uninstallMode="2"/>
<entry name="plugins\admin\webapp\images\add-16x16.gif" shared="false" uninstallMode="0"/>
<entry name="resources\database\upgrade\10\openfire_db2.sql" shared="false" uninstallMode="0"/>
<entry name="resources\database\upgrade\1\openfire_sqlserver.sql" shared="false" uninstallMode="0"/>
<entry name="resources\database\upgrade\15\openfire_sybase.sql" shared="false" uninstallMode="0"/>
<entry name="jre\lib\zi\America\Merida" shared="false" uninstallMode="3"/>
<entry name="resources\database\upgrade\14\openfire_postgresql.sql" shared="false" uninstallMode="0"/>
<entry name="jre\lib\zi\America\Argentina\San_Luis" shared="false" uninstallMode="3"/>
<entry name="jre\bin\jpeg.dll" shared="false" uninstallMode="3"/>
<entry name="plugins\admin\webapp\images\info-16x16.gif" shared="false" uninstallMode="0"/>
<entry name="jre\lib\zi\Europe\Istanbul" shared="false" uninstallMode="3"/>
<entry name="plugins\admin\webapp\images\certificate_warning-16x16.png" shared="false" uninstallMode="0"/>
<entry name="jre\lib\i386\client\classes.jsa" shared="false" uninstallMode="0"/>
<entry name=".install4j\i4jparams.conf" shared="false" uninstallMode="2"/>
<entry name="plugins\admin\webapp\WEB-INF\lib\dwr.jar.pack" shared="false" uninstallMode="0"/>
<entry name="jre\bin\servertool.exe" shared="false" uninstallMode="3"/>
<entry name="plugins\admin\webapp\images\bullet-red-14x14.gif" shared="false" uninstallMode="0"/>
<entry name="documentation\overlay.html" shared="false" uninstallMode="0"/>
<entry name="resources\database\upgrade\20\openfire_sybase.sql" shared="false" uninstallMode="0"/>
<entry name="jre\lib\zi\Europe\Berlin" shared="false" uninstallMode="3"/>
<entry name="plugins\admin\webapp\images\delete-16x16.gif" shared="false" uninstallMode="0"/>
<entry name="jre\lib\zi\Africa\Brazzaville" shared="false" uninstallMode="3"/>
<entry name="jre\lib\zi\America\Lima" shared="false" uninstallMode="3"/>
<entry name="documentation\install-guide.html" shared="false" uninstallMode="0"/>
<entry name="plugins\admin\webapp\style\lightbox.css" shared="false" uninstallMode="0"/>
<entry name="jre\lib\zi\Asia\Bahrain" shared="false" uninstallMode="3"/>
<entry name="resources\database\upgrade\18\openfire_postgresql.sql" shared="false" uninstallMode="0"/>
<entry name="jre\lib\zi\Asia\Tokyo" shared="false" uninstallMode="3"/>
<entry name="jre\lib\zi\America\Port-au-Prince" shared="false" uninstallMode="3"/>
<entry name="jre\lib\ext\zipfs.jar" shared="false" uninstallMode="3"/>
<entry name="plugins\admin\webapp\images\jive-subnav-div.gif" shared="false" uninstallMode="0"/>
<entry name="jre\lib\zi\Europe\Chisinau" shared="false" uninstallMode="3"/>
<entry name="jre\lib\zi\Europe\Uzhgorod" shared="false" uninstallMode="3"/>
<entry name="jre\lib\zi\Africa\Cairo" shared="false" uninstallMode="3"/>
<entry name="resources\database\upgrade\4\openfire_oracle.sql" shared="false" uninstallMode="0"/>
<entry name="bin\openfired.exe" shared="false" uninstallMode="0"/>
<entry name="plugins\admin\webapp\images\server-network-24x24.gif" shared="false" uninstallMode="0"/>
<entry name="jre\lib\charsets.jar" shared="false" uninstallMode="3"/>
<entry name="jre\lib\images\cursors\win32_MoveDrop32x32.gif" shared="false" uninstallMode="3"/>
<entry name="plugins\admin\webapp\images\setup-sidebar-bottom.gif" shared="false" uninstallMode="0"/>
<entry name="jre\lib\zi\America\Argentina\Tucuman" shared="false" uninstallMode="3"/>
<entry name="jre\lib\zi\Africa\Mbabane" shared="false" uninstallMode="3"/>
<entry name="logs\stderr.out" shared="false" uninstallMode="0"/>
<entry name="jre\lib\deploy\messages_pt_BR.properties" shared="false" uninstallMode="3"/>
<entry name="jre\lib\zi\America\Scoresbysund" shared="false" uninstallMode="3"/>
<entry name="jre\lib\images\cursors\win32_CopyNoDrop32x32.gif" shared="false" uninstallMode="3"/>
<entry name="jre\lib\alt-rt.jar" shared="false" uninstallMode="3"/>
<entry name="plugins\admin\webapp\js\tooltips\domLib.js" shared="false" uninstallMode="0"/>
<entry name="jre\lib\zi\America\Argentina\San_Juan" shared="false" uninstallMode="3"/>
<entry name="jre\lib\zi\Pacific\Fakaofo" shared="false" uninstallMode="3"/>
<entry name="plugins\admin\webapp\images\doc-readme-16x16.gif" shared="false" uninstallMode="0"/>
<entry name="jre\lib\security\trusted.libraries" shared="false" uninstallMode="3"/>
<entry name="resources\database\upgrade\5\openfire_hsqldb.sql" shared="false" uninstallMode="0"/>
<entry name=".install4j\_shfoldr.dll" shared="false" uninstallMode="2"/>
<entry name="resources\database\upgrade\20\openfire_hsqldb.sql" shared="false" uninstallMode="0"/>
<entry name="jre\lib\zi\Africa\El_Aaiun" shared="false" uninstallMode="3"/>
<entry name="jre\lib\images\cursors\win32_LinkDrop32x32.gif" shared="false" uninstallMode="3"/>
<entry name="resources\spank\index.html" shared="false" uninstallMode="0"/>
<entry name="bin\openfire.exe" shared="false" uninstallMode="0"/>
</createdFiles>
<createdDirs>
<entry name="resources\spank\WEB-INF" shared="false" uninstallMode="0"/>
<entry name="resources\spank" shared="false" uninstallMode="0"/>
<entry name="resources\security" shared="false" uninstallMode="0"/>
<entry name="resources\nativeAuth\win32-x86" shared="false" uninstallMode="0"/>
<entry name="resources\nativeAuth\solaris-sparc" shared="false" uninstallMode="0"/>
<entry name="resources\nativeAuth\osx-ppc" shared="false" uninstallMode="0"/>
<entry name="resources\nativeAuth\linux-i386" shared="false" uninstallMode="0"/>
<entry name="resources\nativeAuth" shared="false" uninstallMode="0"/>
<entry name="resources\i18n" shared="false" uninstallMode="0"/>
<entry name="resources\database\upgrade\9" shared="false" uninstallMode="0"/>
<entry name="resources\database\upgrade\8" shared="false" uninstallMode="0"/>
<entry name="resources\database\upgrade\7" shared="false" uninstallMode="0"/>
<entry name="resources\database\upgrade\6" shared="false" uninstallMode="0"/>
<entry name="resources\database\upgrade\5" shared="false" uninstallMode="0"/>
<entry name="resources\database\upgrade\4" shared="false" uninstallMode="0"/>
<entry name="resources\database\upgrade\21" shared="false" uninstallMode="0"/>
<entry name="resources\database\upgrade\20" shared="false" uninstallMode="0"/>
<entry name="resources\database\upgrade\2" shared="false" uninstallMode="0"/>
<entry name="resources\database\upgrade\19" shared="false" uninstallMode="0"/>
<entry name="resources\database\upgrade\18" shared="false" uninstallMode="0"/>
<entry name="resources\database\upgrade\17" shared="false" uninstallMode="0"/>
<entry name="resources\database\upgrade\16" shared="false" uninstallMode="0"/>
<entry name="resources\database\upgrade\15" shared="false" uninstallMode="0"/>
<entry name="resources\database\upgrade\14" shared="false" uninstallMode="0"/>
<entry name="resources\database\upgrade\13" shared="false" uninstallMode="0"/>
<entry name="resources\database\upgrade\12" shared="false" uninstallMode="0"/>
<entry name="resources\database\upgrade\11" shared="false" uninstallMode="0"/>
<entry name="resources\database\upgrade\10" shared="false" uninstallMode="0"/>
<entry name="resources\database\upgrade\1" shared="false" uninstallMode="0"/>
<entry name="resources\database\upgrade" shared="false" uninstallMode="0"/>
<entry name="resources\database" shared="false" uninstallMode="0"/>
<entry name="resources" shared="false" uninstallMode="0"/>
<entry name="plugins\admin\webapp\WEB-INF\lib" shared="false" uninstallMode="0"/>
<entry name="plugins\admin\webapp\WEB-INF" shared="false" uninstallMode="0"/>
<entry name="plugins\admin\webapp\style" shared="false" uninstallMode="0"/>
<entry name="plugins\admin\webapp\setup" shared="false" uninstallMode="0"/>
<entry name="plugins\admin\webapp\js\tooltips" shared="false" uninstallMode="0"/>
<entry name="plugins\admin\webapp\js\jscalendar" shared="false" uninstallMode="0"/>
<entry name="plugins\admin\webapp\js" shared="false" uninstallMode="0"/>
<entry name="plugins\admin\webapp\images" shared="false" uninstallMode="0"/>
<entry name="plugins\admin\webapp" shared="false" uninstallMode="0"/>
<entry name="plugins\admin" shared="false" uninstallMode="0"/>
<entry name="plugins" shared="false" uninstallMode="0"/>
<entry name="logs" shared="false" uninstallMode="0"/>
<entry name="lib" shared="false" uninstallMode="0"/>
<entry name="jre\lib\zi\SystemV" shared="false" uninstallMode="3"/>
<entry name="jre\lib\zi\Pacific" shared="false" uninstallMode="3"/>
<entry name="jre\lib\zi\Indian" shared="false" uninstallMode="3"/>
<entry name="jre\lib\zi\Europe" shared="false" uninstallMode="3"/>
<entry name="jre\lib\zi\Etc" shared="false" uninstallMode="3"/>
<entry name="jre\lib\zi\Australia" shared="false" uninstallMode="3"/>
<entry name="jre\lib\zi\Atlantic" shared="false" uninstallMode="3"/>
<entry name="jre\lib\zi\Asia" shared="false" uninstallMode="3"/>
<entry name="jre\lib\zi\Antarctica" shared="false" uninstallMode="3"/>
<entry name="jre\lib\zi\America\North_Dakota" shared="false" uninstallMode="3"/>
<entry name="jre\lib\zi\America\Kentucky" shared="false" uninstallMode="3"/>
<entry name="jre\lib\zi\America\Indiana" shared="false" uninstallMode="3"/>
<entry name="jre\lib\zi\America\Argentina" shared="false" uninstallMode="3"/>
<entry name="jre\lib\zi\America" shared="false" uninstallMode="3"/>
<entry name="jre\lib\zi\Africa" shared="false" uninstallMode="3"/>
<entry name="jre\lib\zi" shared="false" uninstallMode="3"/>
<entry name="jre\lib\security" shared="false" uninstallMode="3"/>
<entry name="jre\lib\management" shared="false" uninstallMode="3"/>
<entry name="jre\lib\jfr" shared="false" uninstallMode="3"/>
<entry name="jre\lib\images\cursors" shared="false" uninstallMode="3"/>
<entry name="jre\lib\images" shared="false" uninstallMode="3"/>
<entry name="jre\lib\i386" shared="false" uninstallMode="3"/>
<entry name="jre\lib\fonts" shared="false" uninstallMode="3"/>
<entry name="jre\lib\ext" shared="false" uninstallMode="3"/>
<entry name="jre\lib\deploy\jqs" shared="false" uninstallMode="3"/>
<entry name="jre\lib\deploy" shared="false" uninstallMode="3"/>
<entry name="jre\lib\cmm" shared="false" uninstallMode="3"/>
<entry name="jre\lib\applet" shared="false" uninstallMode="3"/>
<entry name="jre\lib" shared="false" uninstallMode="3"/>
<entry name="jre\bin\plugin2" shared="false" uninstallMode="3"/>
<entry name="jre\bin\dtplugin" shared="false" uninstallMode="3"/>
<entry name="jre\bin\client" shared="false" uninstallMode="3"/>
<entry name="jre\bin" shared="false" uninstallMode="3"/>
<entry name="jre" shared="false" uninstallMode="3"/>
<entry name="documentation\licenses" shared="false" uninstallMode="0"/>
<entry name="documentation\images" shared="false" uninstallMode="0"/>
<entry name="documentation" shared="false" uninstallMode="0"/>
<entry name="conf" shared="false" uninstallMode="0"/>
<entry name="bin\extra\redhat" shared="false" uninstallMode="0"/>
<entry name="bin\extra" shared="false" uninstallMode="0"/>
<entry name="bin" shared="false" uninstallMode="0"/>
<entry name=".install4j\user" shared="false" uninstallMode="0"/>
<entry name=".install4j" shared="false" uninstallMode="0"/>
<entry name="." shared="false" uninstallMode="0"/>
<entry name="C:\ProgramData\Microsoft\Windows\Start Menu\Programs\Openfire" shared="false" uninstallMode="0"/>
</createdDirs>
</fileLog>
