2014.05.26 10:24:27 org.jivesoftware.openfire.update.UpdateManager - Error checking for updates
java.net.UnknownHostException: www.igniterealtime.org
	at java.net.AbstractPlainSocketImpl.connect(Unknown Source)
	at java.net.PlainSocketImpl.connect(Unknown Source)
	at java.net.SocksSocketImpl.connect(Unknown Source)
	at java.net.Socket.connect(Unknown Source)
	at java.net.Socket.connect(Unknown Source)
	at java.net.Socket.<init>(Unknown Source)
	at java.net.Socket.<init>(Unknown Source)
	at org.apache.commons.httpclient.protocol.DefaultProtocolSocketFactory.createSocket(DefaultProtocolSocketFactory.java:80)
	at org.apache.commons.httpclient.protocol.DefaultProtocolSocketFactory.createSocket(DefaultProtocolSocketFactory.java:122)
	at org.apache.commons.httpclient.HttpConnection.open(HttpConnection.java:707)
	at org.apache.commons.httpclient.HttpMethodDirector.executeWithRetry(HttpMethodDirector.java:387)
	at org.apache.commons.httpclient.HttpMethodDirector.executeMethod(HttpMethodDirector.java:171)
	at org.apache.commons.httpclient.HttpClient.executeMethod(HttpClient.java:397)
	at org.apache.commons.httpclient.HttpClient.executeMethod(HttpClient.java:323)
	at org.jivesoftware.openfire.update.UpdateManager.checkForServerUpdate(UpdateManager.java:226)
	at org.jivesoftware.openfire.update.UpdateManager$1.run(UpdateManager.java:142)
2014.05.27 10:11:05 org.jivesoftware.openfire.pubsub.PubSubPersistenceManager - Communications link failure

The last packet successfully received from the server was 37,795,501 milliseconds ago.  The last packet sent successfully to the server was 736 milliseconds ago.
com.mysql.jdbc.exceptions.jdbc4.CommunicationsException: Communications link failure

The last packet successfully received from the server was 37,795,501 milliseconds ago.  The last packet sent successfully to the server was 736 milliseconds ago.
	at sun.reflect.NativeConstructorAccessorImpl.newInstance0(Native Method)
	at sun.reflect.NativeConstructorAccessorImpl.newInstance(Unknown Source)
	at sun.reflect.DelegatingConstructorAccessorImpl.newInstance(Unknown Source)
	at java.lang.reflect.Constructor.newInstance(Unknown Source)
	at com.mysql.jdbc.Util.handleNewInstance(Util.java:411)
	at com.mysql.jdbc.SQLError.createCommunicationsException(SQLError.java:1129)
	at com.mysql.jdbc.MysqlIO.reuseAndReadPacket(MysqlIO.java:3720)
	at com.mysql.jdbc.MysqlIO.reuseAndReadPacket(MysqlIO.java:3609)
	at com.mysql.jdbc.MysqlIO.checkErrorPacket(MysqlIO.java:4160)
	at com.mysql.jdbc.MysqlIO.sendCommand(MysqlIO.java:2617)
	at com.mysql.jdbc.MysqlIO.sqlQueryDirect(MysqlIO.java:2778)
	at com.mysql.jdbc.ConnectionImpl.execSQL(ConnectionImpl.java:2825)
	at com.mysql.jdbc.PreparedStatement.executeInternal(PreparedStatement.java:2156)
	at com.mysql.jdbc.PreparedStatement.executeQuery(PreparedStatement.java:2313)
	at sun.reflect.GeneratedMethodAccessor6.invoke(Unknown Source)
	at sun.reflect.DelegatingMethodAccessorImpl.invoke(Unknown Source)
	at java.lang.reflect.Method.invoke(Unknown Source)
	at org.logicalcobwebs.proxool.ProxyStatement.invoke(ProxyStatement.java:100)
	at org.logicalcobwebs.proxool.ProxyStatement.intercept(ProxyStatement.java:57)
	at com.mysql.jdbc.Statement$$EnhancerByProxool$$89128ce8.executeQuery(<generated>)
	at org.jivesoftware.openfire.pubsub.PubSubPersistenceManager.purgeItems(PubSubPersistenceManager.java:1864)
	at org.jivesoftware.openfire.pubsub.PubSubPersistenceManager.access$000(PubSubPersistenceManager.java:62)
	at org.jivesoftware.openfire.pubsub.PubSubPersistenceManager$2.run(PubSubPersistenceManager.java:271)
	at java.util.concurrent.Executors$RunnableAdapter.call(Unknown Source)
	at java.util.concurrent.FutureTask.run(Unknown Source)
	at java.util.concurrent.ThreadPoolExecutor.runWorker(Unknown Source)
	at java.util.concurrent.ThreadPoolExecutor$Worker.run(Unknown Source)
	at java.lang.Thread.run(Unknown Source)
Caused by: java.io.EOFException: Can not read response from server. Expected to read 4 bytes, read 0 bytes before connection was unexpectedly lost.
	at com.mysql.jdbc.MysqlIO.readFully(MysqlIO.java:3166)
	at com.mysql.jdbc.MysqlIO.reuseAndReadPacket(MysqlIO.java:3620)
	... 21 more
2014.05.27 19:41:16 org.jivesoftware.openfire.user.JDBCUserProvider - Unknown column 'name' in 'where clause'
com.mysql.jdbc.exceptions.jdbc4.MySQLSyntaxErrorException: Unknown column 'name' in 'where clause'
	at sun.reflect.NativeConstructorAccessorImpl.newInstance0(Native Method)
	at sun.reflect.NativeConstructorAccessorImpl.newInstance(Unknown Source)
	at sun.reflect.DelegatingConstructorAccessorImpl.newInstance(Unknown Source)
	at java.lang.reflect.Constructor.newInstance(Unknown Source)
	at com.mysql.jdbc.Util.handleNewInstance(Util.java:411)
	at com.mysql.jdbc.Util.getInstance(Util.java:386)
	at com.mysql.jdbc.SQLError.createSQLException(SQLError.java:1054)
	at com.mysql.jdbc.MysqlIO.checkErrorPacket(MysqlIO.java:4237)
	at com.mysql.jdbc.MysqlIO.checkErrorPacket(MysqlIO.java:4169)
	at com.mysql.jdbc.MysqlIO.sendCommand(MysqlIO.java:2617)
	at com.mysql.jdbc.MysqlIO.sqlQueryDirect(MysqlIO.java:2778)
	at com.mysql.jdbc.ConnectionImpl.execSQL(ConnectionImpl.java:2825)
	at com.mysql.jdbc.PreparedStatement.executeInternal(PreparedStatement.java:2156)
	at com.mysql.jdbc.PreparedStatement.executeQuery(PreparedStatement.java:2313)
	at sun.reflect.GeneratedMethodAccessor6.invoke(Unknown Source)
	at sun.reflect.DelegatingMethodAccessorImpl.invoke(Unknown Source)
	at java.lang.reflect.Method.invoke(Unknown Source)
	at org.logicalcobwebs.proxool.ProxyStatement.invoke(ProxyStatement.java:100)
	at org.logicalcobwebs.proxool.ProxyStatement.intercept(ProxyStatement.java:57)
	at com.mysql.jdbc.Statement$$EnhancerByProxool$$89128ce8.executeQuery(<generated>)
	at org.jivesoftware.openfire.user.JDBCUserProvider.findUsers(JDBCUserProvider.java:352)
	at org.jivesoftware.openfire.user.JDBCUserProvider.findUsers(JDBCUserProvider.java:288)
	at org.jivesoftware.openfire.user.UserManager.findUsers(UserManager.java:321)
	at org.jivesoftware.openfire.plugin.SearchPlugin.performSearch(SearchPlugin.java:611)
	at org.jivesoftware.openfire.plugin.SearchPlugin.performSearch(SearchPlugin.java:633)
	at org.jivesoftware.openfire.plugin.SearchPlugin.processSetPacket(SearchPlugin.java:492)
	at org.jivesoftware.openfire.plugin.SearchPlugin.handleSearchRequest(SearchPlugin.java:339)
	at org.jivesoftware.openfire.plugin.SearchPlugin.handleIQRequest(SearchPlugin.java:286)
	at org.jivesoftware.openfire.plugin.SearchPlugin.processPacket(SearchPlugin.java:239)
	at org.jivesoftware.openfire.component.InternalComponentManager$RoutableComponents.process(InternalComponentManager.java:587)
	at org.jivesoftware.openfire.spi.RoutingTableImpl.routeToComponent(RoutingTableImpl.java:356)
	at org.jivesoftware.openfire.spi.RoutingTableImpl.routePacket(RoutingTableImpl.java:238)
	at org.jivesoftware.openfire.IQRouter.handle(IQRouter.java:326)
	at org.jivesoftware.openfire.IQRouter.route(IQRouter.java:121)
	at org.jivesoftware.openfire.spi.PacketRouterImpl.route(PacketRouterImpl.java:76)
	at org.jivesoftware.openfire.net.StanzaHandler.processIQ(StanzaHandler.java:337)
	at org.jivesoftware.openfire.net.ClientStanzaHandler.processIQ(ClientStanzaHandler.java:93)
	at org.jivesoftware.openfire.net.StanzaHandler.process(StanzaHandler.java:302)
	at org.jivesoftware.openfire.net.StanzaHandler.process(StanzaHandler.java:194)
	at org.jivesoftware.openfire.nio.ConnectionHandler.messageReceived(ConnectionHandler.java:181)
	at org.apache.mina.common.support.AbstractIoFilterChain$TailFilter.messageReceived(AbstractIoFilterChain.java:570)
	at org.apache.mina.common.support.AbstractIoFilterChain.callNextMessageReceived(AbstractIoFilterChain.java:299)
	at org.apache.mina.common.support.AbstractIoFilterChain.access$1100(AbstractIoFilterChain.java:53)
	at org.apache.mina.common.support.AbstractIoFilterChain$EntryImpl$1.messageReceived(AbstractIoFilterChain.java:648)
	at org.apache.mina.common.IoFilterAdapter.messageReceived(IoFilterAdapter.java:80)
	at org.apache.mina.common.support.AbstractIoFilterChain.callNextMessageReceived(AbstractIoFilterChain.java:299)
	at org.apache.mina.common.support.AbstractIoFilterChain.access$1100(AbstractIoFilterChain.java:53)
	at org.apache.mina.common.support.AbstractIoFilterChain$EntryImpl$1.messageReceived(AbstractIoFilterChain.java:648)
	at org.apache.mina.filter.codec.support.SimpleProtocolDecoderOutput.flush(SimpleProtocolDecoderOutput.java:58)
	at org.apache.mina.filter.codec.ProtocolCodecFilter.messageReceived(ProtocolCodecFilter.java:185)
	at org.apache.mina.common.support.AbstractIoFilterChain.callNextMessageReceived(AbstractIoFilterChain.java:299)
	at org.apache.mina.common.support.AbstractIoFilterChain.access$1100(AbstractIoFilterChain.java:53)
	at org.apache.mina.common.support.AbstractIoFilterChain$EntryImpl$1.messageReceived(AbstractIoFilterChain.java:648)
	at org.apache.mina.filter.executor.ExecutorFilter.processEvent(ExecutorFilter.java:239)
	at org.apache.mina.filter.executor.ExecutorFilter$ProcessEventsRunnable.run(ExecutorFilter.java:283)
	at java.util.concurrent.ThreadPoolExecutor.runWorker(Unknown Source)
	at java.util.concurrent.ThreadPoolExecutor$Worker.run(Unknown Source)
	at org.apache.mina.util.NamePreservingRunnable.run(NamePreservingRunnable.java:51)
	at java.lang.Thread.run(Unknown Source)
2014.05.27 19:45:27 org.jivesoftware.openfire.user.JDBCUserProvider - Unknown column 'name' in 'where clause'
com.mysql.jdbc.exceptions.jdbc4.MySQLSyntaxErrorException: Unknown column 'name' in 'where clause'
	at sun.reflect.NativeConstructorAccessorImpl.newInstance0(Native Method)
	at sun.reflect.NativeConstructorAccessorImpl.newInstance(Unknown Source)
	at sun.reflect.DelegatingConstructorAccessorImpl.newInstance(Unknown Source)
	at java.lang.reflect.Constructor.newInstance(Unknown Source)
	at com.mysql.jdbc.Util.handleNewInstance(Util.java:411)
	at com.mysql.jdbc.Util.getInstance(Util.java:386)
	at com.mysql.jdbc.SQLError.createSQLException(SQLError.java:1054)
	at com.mysql.jdbc.MysqlIO.checkErrorPacket(MysqlIO.java:4237)
	at com.mysql.jdbc.MysqlIO.checkErrorPacket(MysqlIO.java:4169)
	at com.mysql.jdbc.MysqlIO.sendCommand(MysqlIO.java:2617)
	at com.mysql.jdbc.MysqlIO.sqlQueryDirect(MysqlIO.java:2778)
	at com.mysql.jdbc.ConnectionImpl.execSQL(ConnectionImpl.java:2825)
	at com.mysql.jdbc.PreparedStatement.executeInternal(PreparedStatement.java:2156)
	at com.mysql.jdbc.PreparedStatement.executeQuery(PreparedStatement.java:2313)
	at sun.reflect.GeneratedMethodAccessor6.invoke(Unknown Source)
	at sun.reflect.DelegatingMethodAccessorImpl.invoke(Unknown Source)
	at java.lang.reflect.Method.invoke(Unknown Source)
	at org.logicalcobwebs.proxool.ProxyStatement.invoke(ProxyStatement.java:100)
	at org.logicalcobwebs.proxool.ProxyStatement.intercept(ProxyStatement.java:57)
	at com.mysql.jdbc.Statement$$EnhancerByProxool$$e52a0db5.executeQuery(<generated>)
	at org.jivesoftware.openfire.user.JDBCUserProvider.findUsers(JDBCUserProvider.java:352)
	at org.jivesoftware.openfire.user.JDBCUserProvider.findUsers(JDBCUserProvider.java:288)
	at org.jivesoftware.openfire.user.UserManager.findUsers(UserManager.java:321)
	at org.jivesoftware.openfire.plugin.SearchPlugin.performSearch(SearchPlugin.java:611)
	at org.jivesoftware.openfire.plugin.SearchPlugin.performSearch(SearchPlugin.java:633)
	at org.jivesoftware.openfire.plugin.SearchPlugin.processSetPacket(SearchPlugin.java:492)
	at org.jivesoftware.openfire.plugin.SearchPlugin.handleSearchRequest(SearchPlugin.java:339)
	at org.jivesoftware.openfire.plugin.SearchPlugin.handleIQRequest(SearchPlugin.java:286)
	at org.jivesoftware.openfire.plugin.SearchPlugin.processPacket(SearchPlugin.java:239)
	at org.jivesoftware.openfire.component.InternalComponentManager$RoutableComponents.process(InternalComponentManager.java:587)
	at org.jivesoftware.openfire.spi.RoutingTableImpl.routeToComponent(RoutingTableImpl.java:356)
	at org.jivesoftware.openfire.spi.RoutingTableImpl.routePacket(RoutingTableImpl.java:238)
	at org.jivesoftware.openfire.IQRouter.handle(IQRouter.java:326)
	at org.jivesoftware.openfire.IQRouter.route(IQRouter.java:121)
	at org.jivesoftware.openfire.spi.PacketRouterImpl.route(PacketRouterImpl.java:76)
	at org.jivesoftware.openfire.net.StanzaHandler.processIQ(StanzaHandler.java:337)
	at org.jivesoftware.openfire.net.ClientStanzaHandler.processIQ(ClientStanzaHandler.java:93)
	at org.jivesoftware.openfire.net.StanzaHandler.process(StanzaHandler.java:302)
	at org.jivesoftware.openfire.net.StanzaHandler.process(StanzaHandler.java:194)
	at org.jivesoftware.openfire.nio.ConnectionHandler.messageReceived(ConnectionHandler.java:181)
	at org.apache.mina.common.support.AbstractIoFilterChain$TailFilter.messageReceived(AbstractIoFilterChain.java:570)
	at org.apache.mina.common.support.AbstractIoFilterChain.callNextMessageReceived(AbstractIoFilterChain.java:299)
	at org.apache.mina.common.support.AbstractIoFilterChain.access$1100(AbstractIoFilterChain.java:53)
	at org.apache.mina.common.support.AbstractIoFilterChain$EntryImpl$1.messageReceived(AbstractIoFilterChain.java:648)
	at org.apache.mina.common.IoFilterAdapter.messageReceived(IoFilterAdapter.java:80)
	at org.apache.mina.common.support.AbstractIoFilterChain.callNextMessageReceived(AbstractIoFilterChain.java:299)
	at org.apache.mina.common.support.AbstractIoFilterChain.access$1100(AbstractIoFilterChain.java:53)
	at org.apache.mina.common.support.AbstractIoFilterChain$EntryImpl$1.messageReceived(AbstractIoFilterChain.java:648)
	at org.apache.mina.filter.codec.support.SimpleProtocolDecoderOutput.flush(SimpleProtocolDecoderOutput.java:58)
	at org.apache.mina.filter.codec.ProtocolCodecFilter.messageReceived(ProtocolCodecFilter.java:185)
	at org.apache.mina.common.support.AbstractIoFilterChain.callNextMessageReceived(AbstractIoFilterChain.java:299)
	at org.apache.mina.common.support.AbstractIoFilterChain.access$1100(AbstractIoFilterChain.java:53)
	at org.apache.mina.common.support.AbstractIoFilterChain$EntryImpl$1.messageReceived(AbstractIoFilterChain.java:648)
	at org.apache.mina.filter.executor.ExecutorFilter.processEvent(ExecutorFilter.java:239)
	at org.apache.mina.filter.executor.ExecutorFilter$ProcessEventsRunnable.run(ExecutorFilter.java:283)
	at java.util.concurrent.ThreadPoolExecutor.runWorker(Unknown Source)
	at java.util.concurrent.ThreadPoolExecutor$Worker.run(Unknown Source)
	at org.apache.mina.util.NamePreservingRunnable.run(NamePreservingRunnable.java:51)
	at java.lang.Thread.run(Unknown Source)
2014.05.27 22:22:24 org.jivesoftware.openfire.nio.ConnectionHandler - Closing connection due to error while processing message: <iq id="28-20" to="localhost" from="localhost/32589f45" type="error"><error code="501" type="CANCEL"><feature-not-implemented xmlns="urn:ietf:params:xml:ns:xmpp-stanzas"/></error></iq>
java.lang.NullPointerException
	at org.jivesoftware.openfire.IQRouter.route(IQRouter.java:114)
	at org.jivesoftware.openfire.spi.PacketRouterImpl.route(PacketRouterImpl.java:76)
	at org.jivesoftware.openfire.net.StanzaHandler.processIQ(StanzaHandler.java:337)
	at org.jivesoftware.openfire.net.ClientStanzaHandler.processIQ(ClientStanzaHandler.java:93)
	at org.jivesoftware.openfire.net.StanzaHandler.process(StanzaHandler.java:302)
	at org.jivesoftware.openfire.net.StanzaHandler.process(StanzaHandler.java:194)
	at org.jivesoftware.openfire.nio.ConnectionHandler.messageReceived(ConnectionHandler.java:181)
	at org.apache.mina.common.support.AbstractIoFilterChain$TailFilter.messageReceived(AbstractIoFilterChain.java:570)
	at org.apache.mina.common.support.AbstractIoFilterChain.callNextMessageReceived(AbstractIoFilterChain.java:299)
	at org.apache.mina.common.support.AbstractIoFilterChain.access$1100(AbstractIoFilterChain.java:53)
	at org.apache.mina.common.support.AbstractIoFilterChain$EntryImpl$1.messageReceived(AbstractIoFilterChain.java:648)
	at org.apache.mina.common.IoFilterAdapter.messageReceived(IoFilterAdapter.java:80)
	at org.apache.mina.common.support.AbstractIoFilterChain.callNextMessageReceived(AbstractIoFilterChain.java:299)
	at org.apache.mina.common.support.AbstractIoFilterChain.access$1100(AbstractIoFilterChain.java:53)
	at org.apache.mina.common.support.AbstractIoFilterChain$EntryImpl$1.messageReceived(AbstractIoFilterChain.java:648)
	at org.apache.mina.filter.codec.support.SimpleProtocolDecoderOutput.flush(SimpleProtocolDecoderOutput.java:58)
	at org.apache.mina.filter.codec.ProtocolCodecFilter.messageReceived(ProtocolCodecFilter.java:185)
	at org.apache.mina.common.support.AbstractIoFilterChain.callNextMessageReceived(AbstractIoFilterChain.java:299)
	at org.apache.mina.common.support.AbstractIoFilterChain.access$1100(AbstractIoFilterChain.java:53)
	at org.apache.mina.common.support.AbstractIoFilterChain$EntryImpl$1.messageReceived(AbstractIoFilterChain.java:648)
	at org.apache.mina.filter.executor.ExecutorFilter.processEvent(ExecutorFilter.java:239)
	at org.apache.mina.filter.executor.ExecutorFilter$ProcessEventsRunnable.run(ExecutorFilter.java:283)
	at java.util.concurrent.ThreadPoolExecutor.runWorker(Unknown Source)
	at java.util.concurrent.ThreadPoolExecutor$Worker.run(Unknown Source)
	at org.apache.mina.util.NamePreservingRunnable.run(NamePreservingRunnable.java:51)
	at java.lang.Thread.run(Unknown Source)
2014.05.28 07:52:08 org.jivesoftware.openfire.pubsub.PubSubPersistenceManager - Communications link failure

The last packet successfully received from the server was 31,722,746 milliseconds ago.  The last packet sent successfully to the server was 0 milliseconds ago.
com.mysql.jdbc.exceptions.jdbc4.CommunicationsException: Communications link failure

The last packet successfully received from the server was 31,722,746 milliseconds ago.  The last packet sent successfully to the server was 0 milliseconds ago.
	at sun.reflect.NativeConstructorAccessorImpl.newInstance0(Native Method)
	at sun.reflect.NativeConstructorAccessorImpl.newInstance(Unknown Source)
	at sun.reflect.DelegatingConstructorAccessorImpl.newInstance(Unknown Source)
	at java.lang.reflect.Constructor.newInstance(Unknown Source)
	at com.mysql.jdbc.Util.handleNewInstance(Util.java:411)
	at com.mysql.jdbc.SQLError.createCommunicationsException(SQLError.java:1129)
	at com.mysql.jdbc.MysqlIO.reuseAndReadPacket(MysqlIO.java:3720)
	at com.mysql.jdbc.MysqlIO.reuseAndReadPacket(MysqlIO.java:3609)
	at com.mysql.jdbc.MysqlIO.checkErrorPacket(MysqlIO.java:4160)
	at com.mysql.jdbc.MysqlIO.sendCommand(MysqlIO.java:2617)
	at com.mysql.jdbc.MysqlIO.sqlQueryDirect(MysqlIO.java:2778)
	at com.mysql.jdbc.ConnectionImpl.execSQL(ConnectionImpl.java:2825)
	at com.mysql.jdbc.PreparedStatement.executeInternal(PreparedStatement.java:2156)
	at com.mysql.jdbc.PreparedStatement.executeQuery(PreparedStatement.java:2313)
	at sun.reflect.GeneratedMethodAccessor6.invoke(Unknown Source)
	at sun.reflect.DelegatingMethodAccessorImpl.invoke(Unknown Source)
	at java.lang.reflect.Method.invoke(Unknown Source)
	at org.logicalcobwebs.proxool.ProxyStatement.invoke(ProxyStatement.java:100)
	at org.logicalcobwebs.proxool.ProxyStatement.intercept(ProxyStatement.java:57)
	at com.mysql.jdbc.Statement$$EnhancerByProxool$$e52a0db5.executeQuery(<generated>)
	at org.jivesoftware.openfire.pubsub.PubSubPersistenceManager.purgeItems(PubSubPersistenceManager.java:1864)
	at org.jivesoftware.openfire.pubsub.PubSubPersistenceManager.access$000(PubSubPersistenceManager.java:62)
	at org.jivesoftware.openfire.pubsub.PubSubPersistenceManager$2.run(PubSubPersistenceManager.java:271)
	at java.util.concurrent.Executors$RunnableAdapter.call(Unknown Source)
	at java.util.concurrent.FutureTask.run(Unknown Source)
	at java.util.concurrent.ThreadPoolExecutor.runWorker(Unknown Source)
	at java.util.concurrent.ThreadPoolExecutor$Worker.run(Unknown Source)
	at java.lang.Thread.run(Unknown Source)
Caused by: java.net.SocketException: Software caused connection abort: recv failed
	at java.net.SocketInputStream.socketRead0(Native Method)
	at java.net.SocketInputStream.read(Unknown Source)
	at java.net.SocketInputStream.read(Unknown Source)
	at com.mysql.jdbc.util.ReadAheadInputStream.fill(ReadAheadInputStream.java:114)
	at com.mysql.jdbc.util.ReadAheadInputStream.readFromUnderlyingStreamIfNecessary(ReadAheadInputStream.java:161)
	at com.mysql.jdbc.util.ReadAheadInputStream.read(ReadAheadInputStream.java:189)
	at com.mysql.jdbc.MysqlIO.readFully(MysqlIO.java:3163)
	at com.mysql.jdbc.MysqlIO.reuseAndReadPacket(MysqlIO.java:3620)
	... 21 more
2014.05.28 08:44:59 org.jivesoftware.openfire.spi.PresenceManagerImpl - Communications link failure

The last packet successfully received from the server was 1 milliseconds ago.  The last packet sent successfully to the server was 0 milliseconds ago.
com.mysql.jdbc.exceptions.jdbc4.CommunicationsException: Communications link failure

The last packet successfully received from the server was 1 milliseconds ago.  The last packet sent successfully to the server was 0 milliseconds ago.
	at sun.reflect.NativeConstructorAccessorImpl.newInstance0(Native Method)
	at sun.reflect.NativeConstructorAccessorImpl.newInstance(Unknown Source)
	at sun.reflect.DelegatingConstructorAccessorImpl.newInstance(Unknown Source)
	at java.lang.reflect.Constructor.newInstance(Unknown Source)
	at com.mysql.jdbc.Util.handleNewInstance(Util.java:411)
	at com.mysql.jdbc.SQLError.createCommunicationsException(SQLError.java:1129)
	at com.mysql.jdbc.MysqlIO.reuseAndReadPacket(MysqlIO.java:3720)
	at com.mysql.jdbc.MysqlIO.reuseAndReadPacket(MysqlIO.java:3609)
	at com.mysql.jdbc.MysqlIO.checkErrorPacket(MysqlIO.java:4160)
	at com.mysql.jdbc.MysqlIO.sendCommand(MysqlIO.java:2617)
	at com.mysql.jdbc.MysqlIO.sqlQueryDirect(MysqlIO.java:2778)
	at com.mysql.jdbc.ConnectionImpl.execSQL(ConnectionImpl.java:2825)
	at com.mysql.jdbc.PreparedStatement.executeInternal(PreparedStatement.java:2156)
	at com.mysql.jdbc.PreparedStatement.execute(PreparedStatement.java:1379)
	at sun.reflect.GeneratedMethodAccessor13.invoke(Unknown Source)
	at sun.reflect.DelegatingMethodAccessorImpl.invoke(Unknown Source)
	at java.lang.reflect.Method.invoke(Unknown Source)
	at org.logicalcobwebs.proxool.ProxyStatement.invoke(ProxyStatement.java:100)
	at org.logicalcobwebs.proxool.ProxyStatement.intercept(ProxyStatement.java:57)
	at com.mysql.jdbc.Statement$$EnhancerByProxool$$e52a0db5.execute(<generated>)
	at org.jivesoftware.openfire.spi.PresenceManagerImpl.deleteOfflinePresenceFromDB(PresenceManagerImpl.java:229)
	at org.jivesoftware.openfire.spi.PresenceManagerImpl.userUnavailable(PresenceManagerImpl.java:277)
	at org.jivesoftware.openfire.handler.PresenceUpdateHandler.process(PresenceUpdateHandler.java:168)
	at org.jivesoftware.openfire.handler.PresenceUpdateHandler.process(PresenceUpdateHandler.java:135)
	at org.jivesoftware.openfire.handler.PresenceUpdateHandler.process(PresenceUpdateHandler.java:199)
	at org.jivesoftware.openfire.PresenceRouter.handle(PresenceRouter.java:148)
	at org.jivesoftware.openfire.PresenceRouter.route(PresenceRouter.java:84)
	at org.jivesoftware.openfire.spi.PacketRouterImpl.route(PacketRouterImpl.java:84)
	at org.jivesoftware.openfire.net.StanzaHandler.processPresence(StanzaHandler.java:355)
	at org.jivesoftware.openfire.net.ClientStanzaHandler.processPresence(ClientStanzaHandler.java:100)
	at org.jivesoftware.openfire.net.StanzaHandler.process(StanzaHandler.java:272)
	at org.jivesoftware.openfire.net.StanzaHandler.process(StanzaHandler.java:194)
	at org.jivesoftware.openfire.nio.ConnectionHandler.messageReceived(ConnectionHandler.java:181)
	at org.apache.mina.common.support.AbstractIoFilterChain$TailFilter.messageReceived(AbstractIoFilterChain.java:570)
	at org.apache.mina.common.support.AbstractIoFilterChain.callNextMessageReceived(AbstractIoFilterChain.java:299)
	at org.apache.mina.common.support.AbstractIoFilterChain.access$1100(AbstractIoFilterChain.java:53)
	at org.apache.mina.common.support.AbstractIoFilterChain$EntryImpl$1.messageReceived(AbstractIoFilterChain.java:648)
	at org.apache.mina.common.IoFilterAdapter.messageReceived(IoFilterAdapter.java:80)
	at org.apache.mina.common.support.AbstractIoFilterChain.callNextMessageReceived(AbstractIoFilterChain.java:299)
	at org.apache.mina.common.support.AbstractIoFilterChain.access$1100(AbstractIoFilterChain.java:53)
	at org.apache.mina.common.support.AbstractIoFilterChain$EntryImpl$1.messageReceived(AbstractIoFilterChain.java:648)
	at org.apache.mina.filter.codec.support.SimpleProtocolDecoderOutput.flush(SimpleProtocolDecoderOutput.java:58)
	at org.apache.mina.filter.codec.ProtocolCodecFilter.messageReceived(ProtocolCodecFilter.java:185)
	at org.apache.mina.common.support.AbstractIoFilterChain.callNextMessageReceived(AbstractIoFilterChain.java:299)
	at org.apache.mina.common.support.AbstractIoFilterChain.access$1100(AbstractIoFilterChain.java:53)
	at org.apache.mina.common.support.AbstractIoFilterChain$EntryImpl$1.messageReceived(AbstractIoFilterChain.java:648)
	at org.apache.mina.filter.executor.ExecutorFilter.processEvent(ExecutorFilter.java:239)
	at org.apache.mina.filter.executor.ExecutorFilter$ProcessEventsRunnable.run(ExecutorFilter.java:283)
	at java.util.concurrent.ThreadPoolExecutor.runWorker(Unknown Source)
	at java.util.concurrent.ThreadPoolExecutor$Worker.run(Unknown Source)
	at org.apache.mina.util.NamePreservingRunnable.run(NamePreservingRunnable.java:51)
	at java.lang.Thread.run(Unknown Source)
Caused by: java.net.SocketException: Software caused connection abort: recv failed
	at java.net.SocketInputStream.socketRead0(Native Method)
	at java.net.SocketInputStream.read(Unknown Source)
	at java.net.SocketInputStream.read(Unknown Source)
	at com.mysql.jdbc.util.ReadAheadInputStream.fill(ReadAheadInputStream.java:114)
	at com.mysql.jdbc.util.ReadAheadInputStream.readFromUnderlyingStreamIfNecessary(ReadAheadInputStream.java:161)
	at com.mysql.jdbc.util.ReadAheadInputStream.read(ReadAheadInputStream.java:189)
	at com.mysql.jdbc.MysqlIO.readFully(MysqlIO.java:3163)
	at com.mysql.jdbc.MysqlIO.reuseAndReadPacket(MysqlIO.java:3620)
	... 45 more
2014.05.28 08:44:59 org.jivesoftware.openfire.spi.PresenceManagerImpl - Error storing offline presence of user: test1
com.mysql.jdbc.exceptions.jdbc4.CommunicationsException: Communications link failure

The last packet successfully received from the server was 0 milliseconds ago.  The last packet sent successfully to the server was 0 milliseconds ago.
	at sun.reflect.NativeConstructorAccessorImpl.newInstance0(Native Method)
	at sun.reflect.NativeConstructorAccessorImpl.newInstance(Unknown Source)
	at sun.reflect.DelegatingConstructorAccessorImpl.newInstance(Unknown Source)
	at java.lang.reflect.Constructor.newInstance(Unknown Source)
	at com.mysql.jdbc.Util.handleNewInstance(Util.java:411)
	at com.mysql.jdbc.SQLError.createCommunicationsException(SQLError.java:1129)
	at com.mysql.jdbc.MysqlIO.reuseAndReadPacket(MysqlIO.java:3720)
	at com.mysql.jdbc.MysqlIO.reuseAndReadPacket(MysqlIO.java:3609)
	at com.mysql.jdbc.MysqlIO.checkErrorPacket(MysqlIO.java:4160)
	at com.mysql.jdbc.MysqlIO.sendCommand(MysqlIO.java:2617)
	at com.mysql.jdbc.MysqlIO.sqlQueryDirect(MysqlIO.java:2778)
	at com.mysql.jdbc.ConnectionImpl.execSQL(ConnectionImpl.java:2825)
	at com.mysql.jdbc.PreparedStatement.executeInternal(PreparedStatement.java:2156)
	at com.mysql.jdbc.PreparedStatement.execute(PreparedStatement.java:1379)
	at sun.reflect.GeneratedMethodAccessor13.invoke(Unknown Source)
	at sun.reflect.DelegatingMethodAccessorImpl.invoke(Unknown Source)
	at java.lang.reflect.Method.invoke(Unknown Source)
	at org.logicalcobwebs.proxool.ProxyStatement.invoke(ProxyStatement.java:100)
	at org.logicalcobwebs.proxool.ProxyStatement.intercept(ProxyStatement.java:57)
	at com.mysql.jdbc.Statement$$EnhancerByProxool$$e52a0db5.execute(<generated>)
	at org.jivesoftware.openfire.spi.PresenceManagerImpl.userUnavailable(PresenceManagerImpl.java:293)
	at org.jivesoftware.openfire.handler.PresenceUpdateHandler.process(PresenceUpdateHandler.java:168)
	at org.jivesoftware.openfire.handler.PresenceUpdateHandler.process(PresenceUpdateHandler.java:135)
	at org.jivesoftware.openfire.handler.PresenceUpdateHandler.process(PresenceUpdateHandler.java:199)
	at org.jivesoftware.openfire.PresenceRouter.handle(PresenceRouter.java:148)
	at org.jivesoftware.openfire.PresenceRouter.route(PresenceRouter.java:84)
	at org.jivesoftware.openfire.spi.PacketRouterImpl.route(PacketRouterImpl.java:84)
	at org.jivesoftware.openfire.net.StanzaHandler.processPresence(StanzaHandler.java:355)
	at org.jivesoftware.openfire.net.ClientStanzaHandler.processPresence(ClientStanzaHandler.java:100)
	at org.jivesoftware.openfire.net.StanzaHandler.process(StanzaHandler.java:272)
	at org.jivesoftware.openfire.net.StanzaHandler.process(StanzaHandler.java:194)
	at org.jivesoftware.openfire.nio.ConnectionHandler.messageReceived(ConnectionHandler.java:181)
	at org.apache.mina.common.support.AbstractIoFilterChain$TailFilter.messageReceived(AbstractIoFilterChain.java:570)
	at org.apache.mina.common.support.AbstractIoFilterChain.callNextMessageReceived(AbstractIoFilterChain.java:299)
	at org.apache.mina.common.support.AbstractIoFilterChain.access$1100(AbstractIoFilterChain.java:53)
	at org.apache.mina.common.support.AbstractIoFilterChain$EntryImpl$1.messageReceived(AbstractIoFilterChain.java:648)
	at org.apache.mina.common.IoFilterAdapter.messageReceived(IoFilterAdapter.java:80)
	at org.apache.mina.common.support.AbstractIoFilterChain.callNextMessageReceived(AbstractIoFilterChain.java:299)
	at org.apache.mina.common.support.AbstractIoFilterChain.access$1100(AbstractIoFilterChain.java:53)
	at org.apache.mina.common.support.AbstractIoFilterChain$EntryImpl$1.messageReceived(AbstractIoFilterChain.java:648)
	at org.apache.mina.filter.codec.support.SimpleProtocolDecoderOutput.flush(SimpleProtocolDecoderOutput.java:58)
	at org.apache.mina.filter.codec.ProtocolCodecFilter.messageReceived(ProtocolCodecFilter.java:185)
	at org.apache.mina.common.support.AbstractIoFilterChain.callNextMessageReceived(AbstractIoFilterChain.java:299)
	at org.apache.mina.common.support.AbstractIoFilterChain.access$1100(AbstractIoFilterChain.java:53)
	at org.apache.mina.common.support.AbstractIoFilterChain$EntryImpl$1.messageReceived(AbstractIoFilterChain.java:648)
	at org.apache.mina.filter.executor.ExecutorFilter.processEvent(ExecutorFilter.java:239)
	at org.apache.mina.filter.executor.ExecutorFilter$ProcessEventsRunnable.run(ExecutorFilter.java:283)
	at java.util.concurrent.ThreadPoolExecutor.runWorker(Unknown Source)
	at java.util.concurrent.ThreadPoolExecutor$Worker.run(Unknown Source)
	at org.apache.mina.util.NamePreservingRunnable.run(NamePreservingRunnable.java:51)
	at java.lang.Thread.run(Unknown Source)
Caused by: java.net.SocketException: Software caused connection abort: recv failed
	at java.net.SocketInputStream.socketRead0(Native Method)
	at java.net.SocketInputStream.read(Unknown Source)
	at java.net.SocketInputStream.read(Unknown Source)
	at com.mysql.jdbc.util.ReadAheadInputStream.fill(ReadAheadInputStream.java:114)
	at com.mysql.jdbc.util.ReadAheadInputStream.readFromUnderlyingStreamIfNecessary(ReadAheadInputStream.java:161)
	at com.mysql.jdbc.util.ReadAheadInputStream.read(ReadAheadInputStream.java:189)
	at com.mysql.jdbc.MysqlIO.readFully(MysqlIO.java:3163)
	at com.mysql.jdbc.MysqlIO.reuseAndReadPacket(MysqlIO.java:3620)
	... 44 more
2014.05.28 09:33:47 org.jivesoftware.openfire.OfflineMessageStore - 内部服务器错误
com.mysql.jdbc.MysqlDataTruncation: Data truncation: Data too long for column 'stanza' at row 1
	at com.mysql.jdbc.MysqlIO.checkErrorPacket(MysqlIO.java:4235)
	at com.mysql.jdbc.MysqlIO.checkErrorPacket(MysqlIO.java:4169)
	at com.mysql.jdbc.MysqlIO.sendCommand(MysqlIO.java:2617)
	at com.mysql.jdbc.MysqlIO.sqlQueryDirect(MysqlIO.java:2778)
	at com.mysql.jdbc.ConnectionImpl.execSQL(ConnectionImpl.java:2825)
	at com.mysql.jdbc.PreparedStatement.executeInternal(PreparedStatement.java:2156)
	at com.mysql.jdbc.PreparedStatement.executeUpdate(PreparedStatement.java:2441)
	at com.mysql.jdbc.PreparedStatement.executeUpdate(PreparedStatement.java:2366)
	at com.mysql.jdbc.PreparedStatement.executeUpdate(PreparedStatement.java:2350)
	at sun.reflect.NativeMethodAccessorImpl.invoke0(Native Method)
	at sun.reflect.NativeMethodAccessorImpl.invoke(Unknown Source)
	at sun.reflect.DelegatingMethodAccessorImpl.invoke(Unknown Source)
	at java.lang.reflect.Method.invoke(Unknown Source)
	at org.logicalcobwebs.proxool.ProxyStatement.invoke(ProxyStatement.java:100)
	at org.logicalcobwebs.proxool.ProxyStatement.intercept(ProxyStatement.java:57)
	at $java.sql.Wrapper$$EnhancerByProxool$$955a66b9.executeUpdate(<generated>)
	at org.jivesoftware.openfire.OfflineMessageStore.addMessage(OfflineMessageStore.java:164)
	at org.jivesoftware.openfire.OfflineMessageStrategy.store(OfflineMessageStrategy.java:150)
	at org.jivesoftware.openfire.OfflineMessageStrategy.storeOffline(OfflineMessageStrategy.java:110)
	at org.jivesoftware.openfire.MessageRouter.routingFailed(MessageRouter.java:203)
	at org.jivesoftware.openfire.spi.RoutingTableImpl.routePacket(RoutingTableImpl.java:253)
	at org.jivesoftware.openfire.MessageRouter.route(MessageRouter.java:109)
	at org.jivesoftware.openfire.spi.PacketRouterImpl.route(PacketRouterImpl.java:80)
	at org.jivesoftware.openfire.net.StanzaHandler.processMessage(StanzaHandler.java:373)
	at org.jivesoftware.openfire.net.ClientStanzaHandler.processMessage(ClientStanzaHandler.java:107)
	at org.jivesoftware.openfire.net.StanzaHandler.process(StanzaHandler.java:227)
	at org.jivesoftware.openfire.net.StanzaHandler.process(StanzaHandler.java:194)
	at org.jivesoftware.openfire.nio.ConnectionHandler.messageReceived(ConnectionHandler.java:181)
	at org.apache.mina.common.support.AbstractIoFilterChain$TailFilter.messageReceived(AbstractIoFilterChain.java:570)
	at org.apache.mina.common.support.AbstractIoFilterChain.callNextMessageReceived(AbstractIoFilterChain.java:299)
	at org.apache.mina.common.support.AbstractIoFilterChain.access$1100(AbstractIoFilterChain.java:53)
	at org.apache.mina.common.support.AbstractIoFilterChain$EntryImpl$1.messageReceived(AbstractIoFilterChain.java:648)
	at org.apache.mina.common.IoFilterAdapter.messageReceived(IoFilterAdapter.java:80)
	at org.apache.mina.common.support.AbstractIoFilterChain.callNextMessageReceived(AbstractIoFilterChain.java:299)
	at org.apache.mina.common.support.AbstractIoFilterChain.access$1100(AbstractIoFilterChain.java:53)
	at org.apache.mina.common.support.AbstractIoFilterChain$EntryImpl$1.messageReceived(AbstractIoFilterChain.java:648)
	at org.apache.mina.filter.codec.support.SimpleProtocolDecoderOutput.flush(SimpleProtocolDecoderOutput.java:58)
	at org.apache.mina.filter.codec.ProtocolCodecFilter.messageReceived(ProtocolCodecFilter.java:185)
	at org.apache.mina.common.support.AbstractIoFilterChain.callNextMessageReceived(AbstractIoFilterChain.java:299)
	at org.apache.mina.common.support.AbstractIoFilterChain.access$1100(AbstractIoFilterChain.java:53)
	at org.apache.mina.common.support.AbstractIoFilterChain$EntryImpl$1.messageReceived(AbstractIoFilterChain.java:648)
	at org.apache.mina.filter.executor.ExecutorFilter.processEvent(ExecutorFilter.java:239)
	at org.apache.mina.filter.executor.ExecutorFilter$ProcessEventsRunnable.run(ExecutorFilter.java:283)
	at java.util.concurrent.ThreadPoolExecutor.runWorker(Unknown Source)
	at java.util.concurrent.ThreadPoolExecutor$Worker.run(Unknown Source)
	at org.apache.mina.util.NamePreservingRunnable.run(NamePreservingRunnable.java:51)
	at java.lang.Thread.run(Unknown Source)
2014.05.28 09:42:16 org.jivesoftware.openfire.OfflineMessageStore - 内部服务器错误
com.mysql.jdbc.MysqlDataTruncation: Data truncation: Data too long for column 'stanza' at row 1
	at com.mysql.jdbc.MysqlIO.checkErrorPacket(MysqlIO.java:4235)
	at com.mysql.jdbc.MysqlIO.checkErrorPacket(MysqlIO.java:4169)
	at com.mysql.jdbc.MysqlIO.sendCommand(MysqlIO.java:2617)
	at com.mysql.jdbc.MysqlIO.sqlQueryDirect(MysqlIO.java:2778)
	at com.mysql.jdbc.ConnectionImpl.execSQL(ConnectionImpl.java:2825)
	at com.mysql.jdbc.PreparedStatement.executeInternal(PreparedStatement.java:2156)
	at com.mysql.jdbc.PreparedStatement.executeUpdate(PreparedStatement.java:2441)
	at com.mysql.jdbc.PreparedStatement.executeUpdate(PreparedStatement.java:2366)
	at com.mysql.jdbc.PreparedStatement.executeUpdate(PreparedStatement.java:2350)
	at sun.reflect.NativeMethodAccessorImpl.invoke0(Native Method)
	at sun.reflect.NativeMethodAccessorImpl.invoke(Unknown Source)
	at sun.reflect.DelegatingMethodAccessorImpl.invoke(Unknown Source)
	at java.lang.reflect.Method.invoke(Unknown Source)
	at org.logicalcobwebs.proxool.ProxyStatement.invoke(ProxyStatement.java:100)
	at org.logicalcobwebs.proxool.ProxyStatement.intercept(ProxyStatement.java:57)
	at com.mysql.jdbc.Statement$$EnhancerByProxool$$e969ea8d.executeUpdate(<generated>)
	at org.jivesoftware.openfire.OfflineMessageStore.addMessage(OfflineMessageStore.java:164)
	at org.jivesoftware.openfire.OfflineMessageStrategy.store(OfflineMessageStrategy.java:150)
	at org.jivesoftware.openfire.OfflineMessageStrategy.storeOffline(OfflineMessageStrategy.java:110)
	at org.jivesoftware.openfire.MessageRouter.routingFailed(MessageRouter.java:203)
	at org.jivesoftware.openfire.spi.RoutingTableImpl.routePacket(RoutingTableImpl.java:253)
	at org.jivesoftware.openfire.MessageRouter.route(MessageRouter.java:109)
	at org.jivesoftware.openfire.spi.PacketRouterImpl.route(PacketRouterImpl.java:80)
	at org.jivesoftware.openfire.net.StanzaHandler.processMessage(StanzaHandler.java:373)
	at org.jivesoftware.openfire.net.ClientStanzaHandler.processMessage(ClientStanzaHandler.java:107)
	at org.jivesoftware.openfire.net.StanzaHandler.process(StanzaHandler.java:227)
	at org.jivesoftware.openfire.net.StanzaHandler.process(StanzaHandler.java:194)
	at org.jivesoftware.openfire.nio.ConnectionHandler.messageReceived(ConnectionHandler.java:181)
	at org.apache.mina.common.support.AbstractIoFilterChain$TailFilter.messageReceived(AbstractIoFilterChain.java:570)
	at org.apache.mina.common.support.AbstractIoFilterChain.callNextMessageReceived(AbstractIoFilterChain.java:299)
	at org.apache.mina.common.support.AbstractIoFilterChain.access$1100(AbstractIoFilterChain.java:53)
	at org.apache.mina.common.support.AbstractIoFilterChain$EntryImpl$1.messageReceived(AbstractIoFilterChain.java:648)
	at org.apache.mina.common.IoFilterAdapter.messageReceived(IoFilterAdapter.java:80)
	at org.apache.mina.common.support.AbstractIoFilterChain.callNextMessageReceived(AbstractIoFilterChain.java:299)
	at org.apache.mina.common.support.AbstractIoFilterChain.access$1100(AbstractIoFilterChain.java:53)
	at org.apache.mina.common.support.AbstractIoFilterChain$EntryImpl$1.messageReceived(AbstractIoFilterChain.java:648)
	at org.apache.mina.filter.codec.support.SimpleProtocolDecoderOutput.flush(SimpleProtocolDecoderOutput.java:58)
	at org.apache.mina.filter.codec.ProtocolCodecFilter.messageReceived(ProtocolCodecFilter.java:185)
	at org.apache.mina.common.support.AbstractIoFilterChain.callNextMessageReceived(AbstractIoFilterChain.java:299)
	at org.apache.mina.common.support.AbstractIoFilterChain.access$1100(AbstractIoFilterChain.java:53)
	at org.apache.mina.common.support.AbstractIoFilterChain$EntryImpl$1.messageReceived(AbstractIoFilterChain.java:648)
	at org.apache.mina.filter.executor.ExecutorFilter.processEvent(ExecutorFilter.java:239)
	at org.apache.mina.filter.executor.ExecutorFilter$ProcessEventsRunnable.run(ExecutorFilter.java:283)
	at java.util.concurrent.ThreadPoolExecutor.runWorker(Unknown Source)
	at java.util.concurrent.ThreadPoolExecutor$Worker.run(Unknown Source)
	at org.apache.mina.util.NamePreservingRunnable.run(NamePreservingRunnable.java:51)
	at java.lang.Thread.run(Unknown Source)
2014.05.28 09:42:45 org.jivesoftware.openfire.OfflineMessageStore - 内部服务器错误
com.mysql.jdbc.MysqlDataTruncation: Data truncation: Data too long for column 'stanza' at row 1
	at com.mysql.jdbc.MysqlIO.checkErrorPacket(MysqlIO.java:4235)
	at com.mysql.jdbc.MysqlIO.checkErrorPacket(MysqlIO.java:4169)
	at com.mysql.jdbc.MysqlIO.sendCommand(MysqlIO.java:2617)
	at com.mysql.jdbc.MysqlIO.sqlQueryDirect(MysqlIO.java:2778)
	at com.mysql.jdbc.ConnectionImpl.execSQL(ConnectionImpl.java:2825)
	at com.mysql.jdbc.PreparedStatement.executeInternal(PreparedStatement.java:2156)
	at com.mysql.jdbc.PreparedStatement.executeUpdate(PreparedStatement.java:2441)
	at com.mysql.jdbc.PreparedStatement.executeUpdate(PreparedStatement.java:2366)
	at com.mysql.jdbc.PreparedStatement.executeUpdate(PreparedStatement.java:2350)
	at sun.reflect.NativeMethodAccessorImpl.invoke0(Native Method)
	at sun.reflect.NativeMethodAccessorImpl.invoke(Unknown Source)
	at sun.reflect.DelegatingMethodAccessorImpl.invoke(Unknown Source)
	at java.lang.reflect.Method.invoke(Unknown Source)
	at org.logicalcobwebs.proxool.ProxyStatement.invoke(ProxyStatement.java:100)
	at org.logicalcobwebs.proxool.ProxyStatement.intercept(ProxyStatement.java:57)
	at com.mysql.jdbc.Statement$$EnhancerByProxool$$e969ea8d.executeUpdate(<generated>)
	at org.jivesoftware.openfire.OfflineMessageStore.addMessage(OfflineMessageStore.java:164)
	at org.jivesoftware.openfire.OfflineMessageStrategy.store(OfflineMessageStrategy.java:150)
	at org.jivesoftware.openfire.OfflineMessageStrategy.storeOffline(OfflineMessageStrategy.java:110)
	at org.jivesoftware.openfire.MessageRouter.routingFailed(MessageRouter.java:203)
	at org.jivesoftware.openfire.spi.RoutingTableImpl.routePacket(RoutingTableImpl.java:253)
	at org.jivesoftware.openfire.MessageRouter.route(MessageRouter.java:109)
	at org.jivesoftware.openfire.spi.PacketRouterImpl.route(PacketRouterImpl.java:80)
	at org.jivesoftware.openfire.net.StanzaHandler.processMessage(StanzaHandler.java:373)
	at org.jivesoftware.openfire.net.ClientStanzaHandler.processMessage(ClientStanzaHandler.java:107)
	at org.jivesoftware.openfire.net.StanzaHandler.process(StanzaHandler.java:227)
	at org.jivesoftware.openfire.net.StanzaHandler.process(StanzaHandler.java:194)
	at org.jivesoftware.openfire.nio.ConnectionHandler.messageReceived(ConnectionHandler.java:181)
	at org.apache.mina.common.support.AbstractIoFilterChain$TailFilter.messageReceived(AbstractIoFilterChain.java:570)
	at org.apache.mina.common.support.AbstractIoFilterChain.callNextMessageReceived(AbstractIoFilterChain.java:299)
	at org.apache.mina.common.support.AbstractIoFilterChain.access$1100(AbstractIoFilterChain.java:53)
	at org.apache.mina.common.support.AbstractIoFilterChain$EntryImpl$1.messageReceived(AbstractIoFilterChain.java:648)
	at org.apache.mina.common.IoFilterAdapter.messageReceived(IoFilterAdapter.java:80)
	at org.apache.mina.common.support.AbstractIoFilterChain.callNextMessageReceived(AbstractIoFilterChain.java:299)
	at org.apache.mina.common.support.AbstractIoFilterChain.access$1100(AbstractIoFilterChain.java:53)
	at org.apache.mina.common.support.AbstractIoFilterChain$EntryImpl$1.messageReceived(AbstractIoFilterChain.java:648)
	at org.apache.mina.filter.codec.support.SimpleProtocolDecoderOutput.flush(SimpleProtocolDecoderOutput.java:58)
	at org.apache.mina.filter.codec.ProtocolCodecFilter.messageReceived(ProtocolCodecFilter.java:185)
	at org.apache.mina.common.support.AbstractIoFilterChain.callNextMessageReceived(AbstractIoFilterChain.java:299)
	at org.apache.mina.common.support.AbstractIoFilterChain.access$1100(AbstractIoFilterChain.java:53)
	at org.apache.mina.common.support.AbstractIoFilterChain$EntryImpl$1.messageReceived(AbstractIoFilterChain.java:648)
	at org.apache.mina.filter.executor.ExecutorFilter.processEvent(ExecutorFilter.java:239)
	at org.apache.mina.filter.executor.ExecutorFilter$ProcessEventsRunnable.run(ExecutorFilter.java:283)
	at java.util.concurrent.ThreadPoolExecutor.runWorker(Unknown Source)
	at java.util.concurrent.ThreadPoolExecutor$Worker.run(Unknown Source)
	at org.apache.mina.util.NamePreservingRunnable.run(NamePreservingRunnable.java:51)
	at java.lang.Thread.run(Unknown Source)
